2026-01-21 09:30:00.096784128 [SIGNAL] BUY SIGNAL (BREAKOUT) | Time=09:30:00.000 | Price=36000(3.60元) | current_volume=0 (price below best_ask)
2026-01-21 09:30:00.097099048 [ORDR] [LIVE] 000620.SZ_Breakout | 000620.SZ | BUY @ 3.6612 | qty=100 | trigger_time=93000000
2026-01-21 09:30:00.810577449 [SIGNAL] BUY | 002094.SZ | Time=09:30:00.060 | Price=84817(8.48元) | Open=8.2500 | PrevClose=8.3400 | n=8011 | delta_n=8900 | Reason=弱转强绿开翻红 (动力学触发)
2026-01-21 09:30:00.810581599 [ORDR] [LIVE] 002094.SZ_ORB | 002094.SZ | BUY @ 8.4817 | qty=100 | trigger_time=93000060
2026-01-21 09:30:02.533760901 [SIGNAL] BUY | 601096.SH | Time=09:30:02.230 | Price=55629(5.56元) | Open=5.4600 | PrevClose=5.4700 | Reason=弱转强绿开翻红 (直接突破)
2026-01-21 09:30:02.533764781 [ORDR] [LIVE] 601096.SH_ORB | 601096.SH | BUY @ 5.5629 | qty=100 | trigger_time=93002230
2026-01-21 09:30:12.324209733 [SIGNAL] BUY | 688233.SH | Time=09:30:08.490 | Price=880518(88.05元) | Open=85.6200 | PrevClose=86.5800 | Reason=弱转强绿开翻红 (直接突破)
2026-01-21 09:30:12.324216551 [ORDR] [LIVE] 688233.SH_ORB | 688233.SH | BUY @ 88.0518 | qty=100 | trigger_time=93008490
2026-01-21 09:30:36.598685645 [SIGNAL] BUY | 002196.SZ | Time=09:30:27.500 | Price=172686(17.27元) | Open=16.4800 | PrevClose=16.9800 | n=61697 | delta_n=62300 | Reason=弱转强绿开翻红 (动力学触发)
2026-01-21 09:30:36.598691386 [ORDR] [LIVE] 002196.SZ_ORB | 002196.SZ | BUY @ 17.2686 | qty=100 | trigger_time=93027500
2026-01-21 09:30:42.485208617 [SIGNAL] BUY | 002400.SZ | Time=09:30:36.540 | Price=109632(10.96元) | Open=10.7600 | PrevClose=10.7800 | n=26244 | delta_n=26400 | Reason=弱转强绿开翻红 (动力学触发)
2026-01-21 09:30:42.485213307 [ORDR] [LIVE] 002400.SZ_ORB | 002400.SZ | BUY @ 10.9632 | qty=100 | trigger_time=93036540
2026-01-21 09:30:47.793522890 [SIGNAL] BUY | 002121.SZ | Time=09:30:45.400 | Price=104344(10.43元) | Open=10.0900 | PrevClose=10.2600 | n=78987 | delta_n=80200 | Reason=弱转强绿开翻红 (动力学触发)
2026-01-21 09:30:47.793527321 [ORDR] [LIVE] 002121.SZ_ORB | 002121.SZ | BUY @ 10.4344 | qty=100 | trigger_time=93045400
2026-01-21 09:30:49.319193862 [SIGNAL] BUY | 000506.SZ | Time=09:30:47.620 | Price=186110(18.61元) | Open=18.0100 | PrevClose=17.5700 | n=69446 | delta_n=70200 | Reason=弱转强高开新高 (动力学触发)
2026-01-21 09:30:49.319200102 [ORDR] [LIVE] 000506.SZ_ORB | 000506.SZ | BUY @ 18.611 | qty=100 | trigger_time=93047620
2026-01-21 09:30:51.279261223 [SIGNAL] BUY | 002636.SZ | Time=09:30:50.270 | Price=209501(20.95元) | Open=20.5200 | PrevClose=20.5200 | Reason=弱转强高开新高 (直接突破)
2026-01-21 09:30:51.279263913 [ORDR] [LIVE] 002636.SZ_ORB | 002636.SZ | BUY @ 20.9501 | qty=100 | trigger_time=93050270
2026-01-21 09:30:52.074191369 [SIGNAL] BUY | 000810.SZ | Time=09:30:50.900 | Price=132006(13.20元) | Open=12.7300 | PrevClose=12.1400 | n=15169 | delta_n=16500 | Reason=追新高 (动力学触发)
2026-01-21 09:30:52.074194445 [ORDR] [LIVE] 000810.SZ_PGB | 000810.SZ | BUY @ 13.2006 | qty=100 | trigger_time=93050900
2026-01-21 09:30:52.093974014 [SIGNAL] BUY | 300416.SZ | Time=09:30:51.440 | Price=209243(20.92元) | Open=20.2100 | PrevClose=19.4100 | Reason=追4/6 (直接突破)
2026-01-21 09:30:52.093977365 [ORDR] [LIVE] 300416.SZ_PGB | 300416.SZ | BUY @ 20.9243 | qty=100 | trigger_time=93051440
2026-01-21 09:30:57.998403356 [SIGNAL] BUY | 000620.SZ | Time=09:30:57.970 | Price=37120(3.71元) | Open=3.6000 | PrevClose=3.6000 | Reason=弱转强高开新高 (直接突破)
2026-01-21 09:30:57.998407969 [ORDR] [LIVE] 000620.SZ_ORB | 000620.SZ | BUY @ 3.712 | qty=100 | trigger_time=93057970
2026-01-21 09:30:58.163608080 [SIGNAL] BUY | 002119.SZ | Time=09:30:58.130 | Price=247029(24.70元) | Open=23.9100 | PrevClose=23.9100 | Reason=弱转强高开新高 (直接突破)
2026-01-21 09:30:58.163612220 [ORDR] [LIVE] 002119.SZ_ORB | 002119.SZ | BUY @ 24.7029 | qty=100 | trigger_time=93058130
2026-01-21 09:31:01.094629731 [SIGNAL] BUY SIGNAL | Time=09:31:01.030 | Price=132300(13.23元) | n(avg_volume)=700739 | delta_n(buy_trades)=702100 | current_volume=160529 | window_size=435
2026-01-21 09:31:01.094634403 [ORDR] [LIVE] 002716.SZ_Breakout | 002716.SZ | BUY @ 13.4549 | qty=100 | trigger_time=93101030
2026-01-21 09:31:01.729525476 [SIGNAL] BUY | 300833.SZ | Time=09:31:01.670 | Price=464361(46.44元) | Open=43.8500 | PrevClose=43.0600 | Reason=追4/6 (直接突破)
2026-01-21 09:31:01.729529295 [ORDR] [LIVE] 300833.SZ_PGB | 300833.SZ | BUY @ 46.4361 | qty=100 | trigger_time=93101670
2026-01-21 09:31:03.153031110 [SIGNAL] BUY | 000045.SZ | Time=09:31:03.100 | Price=134244(13.42元) | Open=12.3600 | PrevClose=12.4000 | n=45179 | delta_n=45400 | Reason=追4/6 (动力学触发)
2026-01-21 09:31:03.153033970 [ORDR] [LIVE] 000045.SZ_PGB | 000045.SZ | BUY @ 13.4244 | qty=100 | trigger_time=93103100
2026-01-21 09:31:05.046140307 [SIGNAL] BUY | 300842.SZ | Time=09:31:05.010 | Price=1021373(102.14元) | Open=94.0000 | PrevClose=91.2000 | Reason=追4/6 (直接突破)
2026-01-21 09:31:05.046144563 [ORDR] [LIVE] 300842.SZ_PGB | 300842.SZ | BUY @ 102.1373 | qty=100 | trigger_time=93105010
2026-01-21 09:31:06.326436546 [SIGNAL] BUY | 002408.SZ | Time=09:31:06.250 | Price=55738(5.57元) | Open=5.4500 | PrevClose=5.2700 | Reason=追4/6 (直接突破)
2026-01-21 09:31:06.326440354 [ORDR] [LIVE] 002408.SZ_PGB | 002408.SZ | BUY @ 5.5738 | qty=100 | trigger_time=93106250
2026-01-21 09:31:07.296474676 [SIGNAL] BUY | 688630.SH | Time=09:30:46.340 | Price=1815344(181.53元) | Open=175.7500 | PrevClose=167.6200 | n=1454 | delta_n=1641 | Reason=追4/6 (动力学触发)
2026-01-21 09:31:07.296479136 [ORDR] [LIVE] 688630.SH_PGB | 688630.SH | BUY @ 181.5344 | qty=100 | trigger_time=93046340
2026-01-21 09:31:09.504981276 [SIGNAL] BUY | 300943.SZ | Time=09:31:09.460 | Price=281912(28.19元) | Open=26.4200 | PrevClose=27.2200 | n=24559 | delta_n=24700 | Reason=横沟突破 (动力学触发)
2026-01-21 09:31:09.504985136 [ORDR] [LIVE] 300943.SZ_HS | 300943.SZ | BUY @ 28.1912 | qty=100 | trigger_time=93109460
2026-01-21 09:31:11.835221548 [SIGNAL] BUY | 300139.SZ | Time=09:31:11.810 | Price=441449(44.14元) | Open=42.1000 | PrevClose=40.9500 | Reason=追4/6 (直接突破)
2026-01-21 09:31:11.835225806 [ORDR] [LIVE] 300139.SZ_PGB | 300139.SZ | BUY @ 44.1449 | qty=100 | trigger_time=93111810
2026-01-21 09:31:18.256745372 [SIGNAL] BUY | 601121.SH | Time=09:30:54.260 | Price=84308(8.43元) | Open=7.9600 | PrevClose=7.8900 | Reason=追4/6 (直接突破)
2026-01-21 09:31:18.256749092 [ORDR] [LIVE] 601121.SH_PGB | 601121.SH | BUY @ 8.4308 | qty=100 | trigger_time=93054260
2026-01-21 09:31:22.112437504 [SIGNAL] BUY | 600537.SH | Time=09:30:57.180 | Price=32137(3.21元) | Open=3.0300 | PrevClose=3.0000 | n=39695 | delta_n=48200 | Reason=弱转强高开新高 (动力学触发)
2026-01-21 09:31:22.112445618 [ORDR] [LIVE] 600537.SH_ORB | 600537.SH | BUY @ 3.2137 | qty=100 | trigger_time=93057180
2026-01-21 09:31:25.359607753 [SIGNAL] BUY | 600490.SH | Time=09:30:59.800 | Price=86953(8.70元) | Open=8.3300 | PrevClose=8.1700 | n=97207 | delta_n=97800 | Reason=追4/6 (动力学触发)
2026-01-21 09:31:25.359611816 [ORDR] [LIVE] 600490.SH_PGB | 600490.SH | BUY @ 8.6953 | qty=100 | trigger_time=93059800
2026-01-21 09:31:27.402599967 [SIGNAL] BUY | 600822.SH | Time=09:31:01.390 | Price=121531(12.15元) | Open=11.6300 | PrevClose=11.3400 | n=15695 | delta_n=16900 | Reason=追4/6 (动力学触发)
2026-01-21 09:31:27.402604688 [ORDR] [LIVE] 600822.SH_PGB | 600822.SH | BUY @ 12.1531 | qty=100 | trigger_time=93101390
2026-01-21 09:31:28.180040614 [SIGNAL] BUY | 002187.SZ | Time=09:31:28.160 | Price=93157(9.32元) | Open=9.0000 | PrevClose=9.1400 | Reason=横沟突破 (直接突破)
2026-01-21 09:31:28.180044344 [ORDR] [LIVE] 002187.SZ_HS | 002187.SZ | BUY @ 9.3157 | qty=100 | trigger_time=93128160
2026-01-21 09:31:33.454561739 [SIGNAL] BUY SIGNAL | Time=09:31:06.270 | Price=462200(46.22元) | n(avg_volume)=58035 | delta_n(buy_trades)=58900 | current_volume=19000 | window_size=72
2026-01-21 09:31:33.454565510 [ORDR] [LIVE] 600391.SH_Breakout | 600391.SH | BUY @ 47.0057 | qty=100 | trigger_time=93106270
2026-01-21 09:31:36.092589527 [SIGNAL] BUY | 002196.SZ | Time=09:31:36.060 | Price=175229(17.52元) | Open=16.4800 | PrevClose=16.9800 | Reason=横沟突破 (直接突破)
2026-01-21 09:31:36.092594027 [ORDR] [LIVE] 002196.SZ_HS | 002196.SZ | BUY @ 17.5229 | qty=100 | trigger_time=93136060
2026-01-21 09:31:40.545578980 [SIGNAL] BUY | 600537.SH | Time=09:31:12.440 | Price=32543(3.25元) | Open=3.0300 | PrevClose=3.0000 | n=413169 | delta_n=421300 | Reason=横沟突破 (动力学触发)
2026-01-21 09:31:40.545583736 [ORDR] [LIVE] 600537.SH_HS | 600537.SH | BUY @ 3.2543 | qty=100 | trigger_time=93112440
2026-01-21 09:31:41.301769130 [SIGNAL] BUY | 688262.SH | Time=09:31:13.390 | Price=354526(35.45元) | Open=34.3800 | PrevClose=34.8600 | Reason=弱转强绿开翻红 (直接突破)
2026-01-21 09:31:41.301773537 [ORDR] [LIVE] 688262.SH_ORB | 688262.SH | BUY @ 35.4526 | qty=100 | trigger_time=93113390
2026-01-21 09:31:43.151162556 [SIGNAL] BUY | 605196.SH | Time=09:31:15.230 | Price=381170(38.12元) | Open=36.2700 | PrevClose=36.6300 | Reason=横沟突破 (直接突破)
2026-01-21 09:31:43.151165606 [ORDR] [LIVE] 605196.SH_HS | 605196.SH | BUY @ 38.117 | qty=100 | trigger_time=93115230
2026-01-21 09:31:45.162895364 [SIGNAL] BUY | 301413.SZ | Time=09:31:45.140 | Price=1606148(160.61元) | Open=150.0100 | PrevClose=148.0000 | Reason=追4/6 (直接突破)
2026-01-21 09:31:45.162899294 [ORDR] [LIVE] 301413.SZ_PGB | 301413.SZ | BUY @ 160.6148 | qty=100 | trigger_time=93145140
2026-01-21 09:31:45.298872720 [SIGNAL] BUY | 301413.SZ | Time=09:31:45.280 | Price=1606656(160.67元) | Open=150.0100 | PrevClose=148.0000 | n=6384 | delta_n=6500 | Reason=横沟突破 (动力学触发)
2026-01-21 09:31:45.298875240 [ORDR] [LIVE] 301413.SZ_HS | 301413.SZ | BUY @ 160.6656 | qty=100 | trigger_time=93145280
2026-01-21 09:31:49.610655140 [SIGNAL] BUY | 301035.SZ | Time=09:31:49.580 | Price=822956(82.30元) | Open=78.2300 | PrevClose=78.6000 | Reason=横沟突破 (直接突破)
2026-01-21 09:31:49.610658610 [ORDR] [LIVE] 301035.SZ_HS | 301035.SZ | BUY @ 82.2956 | qty=100 | trigger_time=93149580
2026-01-21 09:31:53.212931299 [SIGNAL] BUY | 600868.SH | Time=09:31:26.360 | Price=42713(4.27元) | Open=4.1600 | PrevClose=4.1100 | n=160345 | delta_n=162800 | Reason=横沟突破 (动力学触发)
2026-01-21 09:31:53.212934179 [ORDR] [LIVE] 600868.SH_HS | 600868.SH | BUY @ 4.2713 | qty=100 | trigger_time=93126360
2026-01-21 09:31:58.079551782 [SIGNAL] BUY | 002021.SZ | Time=09:31:58.050 | Price=32747(3.27元) | Open=3.1800 | PrevClose=3.1600 | Reason=弱转强高开新高 (直接突破)
2026-01-21 09:31:58.079556109 [ORDR] [LIVE] 002021.SZ_ORB | 002021.SZ | BUY @ 3.2747 | qty=100 | trigger_time=93158050
2026-01-21 09:31:58.962955235 [SIGNAL] BUY | 600273.SH | Time=09:31:32.920 | Price=110954(11.10元) | Open=10.8600 | PrevClose=10.9100 | n=38311 | delta_n=39500 | Reason=弱转强绿开翻红 (动力学触发)
2026-01-21 09:31:58.962959686 [ORDR] [LIVE] 600273.SH_ORB | 600273.SH | BUY @ 11.0954 | qty=100 | trigger_time=93132920
2026-01-21 09:32:00.201300914 [SIGNAL] BUY | 603997.SH | Time=09:31:34.280 | Price=155906(15.59元) | Open=14.7800 | PrevClose=14.9200 | Reason=横沟突破 (直接突破)
2026-01-21 09:32:00.201305094 [ORDR] [LIVE] 603997.SH_HS | 603997.SH | BUY @ 15.5906 | qty=100 | trigger_time=93134280
2026-01-21 09:32:04.442421552 [SIGNAL] BUY | 688085.SH | Time=09:31:39.470 | Price=221299(22.13元) | Open=20.9900 | PrevClose=20.3500 | Reason=追4/6 (直接突破)
2026-01-21 09:32:04.442425171 [ORDR] [LIVE] 688085.SH_PGB | 688085.SH | BUY @ 22.1299 | qty=100 | trigger_time=93139470
2026-01-21 09:32:04.442475862 [SIGNAL] BUY | 688085.SH | Time=09:31:39.470 | Price=221299(22.13元) | Open=20.9900 | PrevClose=20.3500 | Reason=横沟突破 (直接突破)
2026-01-21 09:32:04.442477782 [ORDR] [LIVE] 688085.SH_HS | 688085.SH | BUY @ 22.1299 | qty=100 | trigger_time=93139470
2026-01-21 09:32:07.176013965 [SIGNAL] BUY | 002973.SZ | Time=09:32:07.130 | Price=160685(16.07元) | Open=15.0600 | PrevClose=15.1500 | Reason=追4/6 (直接突破)
2026-01-21 09:32:07.176017755 [ORDR] [LIVE] 002973.SZ_PGB | 002973.SZ | BUY @ 16.0685 | qty=100 | trigger_time=93207130
2026-01-21 09:32:17.950258184 [SIGNAL] BUY | 688277.SH | Time=09:31:56.760 | Price=236452(23.65元) | Open=22.7900 | PrevClose=21.2500 | n=1963 | delta_n=2000 | Reason=追新高 (动力学触发)
2026-01-21 09:32:17.950262578 [ORDR] [LIVE] 688277.SH_PGB | 688277.SH | BUY @ 23.6452 | qty=100 | trigger_time=93156760
2026-01-21 09:32:19.540026308 [SIGNAL] BUY | 002239.SZ | Time=09:32:19.510 | Price=33105(3.31元) | Open=3.1800 | PrevClose=3.1300 | Reason=追4/6 (直接突破)
2026-01-21 09:32:19.540029098 [ORDR] [LIVE] 002239.SZ_PGB | 002239.SZ | BUY @ 3.3105 | qty=100 | trigger_time=93219510
2026-01-21 09:32:21.266753763 [SIGNAL] BUY | 300986.SZ | Time=09:32:21.230 | Price=354729(35.47元) | Open=33.8000 | PrevClose=33.8000 | n=1786 | delta_n=1800 | Reason=弱转强高开新高 (动力学触发)
2026-01-21 09:32:21.266758823 [ORDR] [LIVE] 300986.SZ_ORB | 300986.SZ | BUY @ 35.4729 | qty=100 | trigger_time=93221230
2026-01-21 09:32:29.210966745 [SIGNAL] BUY | 002919.SZ | Time=09:32:29.190 | Price=267369(26.74元) | Open=25.3000 | PrevClose=25.1900 | n=13000 | delta_n=13100 | Reason=追4/6 (动力学触发)
2026-01-21 09:32:29.210971135 [ORDR] [LIVE] 002919.SZ_PGB | 002919.SZ | BUY @ 26.7369 | qty=100 | trigger_time=93229190
2026-01-21 09:32:29.211048957 [SIGNAL] BUY | 002919.SZ | Time=09:32:29.190 | Price=267369(26.74元) | Open=25.3000 | PrevClose=25.1900 | n=13000 | delta_n=13100 | Reason=横沟突破 (动力学触发)
2026-01-21 09:32:29.211051497 [ORDR] [LIVE] 002919.SZ_HS | 002919.SZ | BUY @ 26.7369 | qty=100 | trigger_time=93229190
2026-01-21 09:32:31.885869793 [SIGNAL] BUY | 603306.SH | Time=09:32:14.040 | Price=723770(72.38元) | Open=69.1300 | PrevClose=68.4300 | Reason=追4/6 (直接突破)
2026-01-21 09:32:31.885874281 [ORDR] [LIVE] 603306.SH_PGB | 603306.SH | BUY @ 72.377 | qty=100 | trigger_time=93214040
2026-01-21 09:32:33.083547547 [SIGNAL] BUY | 000066.SZ | Time=09:32:33.050 | Price=171344(17.13元) | Open=16.3200 | PrevClose=16.2000 | Reason=追4/6 (直接突破)
2026-01-21 09:32:33.083553410 [ORDR] [LIVE] 000066.SZ_PGB | 000066.SZ | BUY @ 17.1344 | qty=100 | trigger_time=93233050
2026-01-21 09:33:03.699888664 [SIGNAL] BUY | 600667.SH | Time=09:32:56.770 | Price=99971(10.00元) | Open=9.5000 | PrevClose=9.6400 | n=85692 | delta_n=88600 | Reason=横沟突破 (动力学触发)
2026-01-21 09:33:03.699894524 [ORDR] [LIVE] 600667.SH_HS | 600667.SH | BUY @ 9.9971 | qty=100 | trigger_time=93256770
2026-01-21 09:33:13.508918650 [SIGNAL] BUY | 300226.SZ | Time=09:33:13.480 | Price=296252(29.63元) | Open=28.1300 | PrevClose=27.4700 | n=10384 | delta_n=10400 | Reason=追4/6 (动力学触发)
2026-01-21 09:33:13.508922854 [ORDR] [LIVE] 300226.SZ_PGB | 300226.SZ | BUY @ 29.6252 | qty=100 | trigger_time=93313480
2026-01-21 09:33:13.598617938 [SIGNAL] BUY | 603626.SH | Time=09:33:09.530 | Price=246724(24.67元) | Open=23.0800 | PrevClose=23.5500 | n=5231 | delta_n=5700 | Reason=横沟突破 (动力学触发)
2026-01-21 09:33:13.598620279 [ORDR] [LIVE] 603626.SH_HS | 603626.SH | BUY @ 24.6724 | qty=100 | trigger_time=93309530
2026-01-21 09:33:16.398050066 [SIGNAL] BUY | 688766.SH | Time=09:33:13.080 | Price=2277774(227.78元) | Open=219.7000 | PrevClose=215.6600 | Reason=横沟突破 (直接突破)
2026-01-21 09:33:16.398053046 [ORDR] [LIVE] 688766.SH_HS | 688766.SH | BUY @ 227.7774 | qty=100 | trigger_time=93313080
2026-01-21 09:33:17.553633847 [SIGNAL] BUY | 688630.SH | Time=09:33:14.390 | Price=1859889(185.99元) | Open=175.7500 | PrevClose=167.6200 | n=7226 | delta_n=7458 | Reason=横沟突破 (动力学触发)
2026-01-21 09:33:17.553636357 [ORDR] [LIVE] 688630.SH_HS | 688630.SH | BUY @ 185.9889 | qty=100 | trigger_time=93314390
2026-01-21 09:33:19.886482419 [SIGNAL] BUY | 300707.SZ | Time=09:33:19.860 | Price=193941(19.39元) | Open=18.4000 | PrevClose=18.6900 | Reason=横沟突破 (直接突破)
2026-01-21 09:33:19.886485196 [ORDR] [LIVE] 300707.SZ_HS | 300707.SZ | BUY @ 19.3941 | qty=100 | trigger_time=93319860
2026-01-21 09:33:21.761148357 [SIGNAL] BUY | 300842.SZ | Time=09:33:21.740 | Price=1032763(103.28元) | Open=94.0000 | PrevClose=91.2000 | n=3728 | delta_n=3800 | Reason=横沟突破 (动力学触发)
2026-01-21 09:33:21.761153568 [ORDR] [LIVE] 300842.SZ_HS | 300842.SZ | BUY @ 103.2763 | qty=100 | trigger_time=93321740
2026-01-21 09:33:28.659143009 [SIGNAL] BUY | 688277.SH | Time=09:33:27.650 | Price=241944(24.19元) | Open=22.7900 | PrevClose=21.2500 | n=10468 | delta_n=10986 | Reason=横沟突破 (动力学触发)
2026-01-21 09:33:28.659147919 [ORDR] [LIVE] 688277.SH_HS | 688277.SH | BUY @ 24.1944 | qty=100 | trigger_time=93327650
2026-01-21 09:33:28.753901643 [SIGNAL] BUY | 603588.SH | Time=09:33:27.490 | Price=98140(9.81元) | Open=9.3000 | PrevClose=9.3800 | n=85483 | delta_n=87220 | Reason=横沟突破 (动力学触发)
2026-01-21 09:33:28.753903654 [ORDR] [LIVE] 603588.SH_HS | 603588.SH | BUY @ 9.814 | qty=100 | trigger_time=93327490
2026-01-21 09:33:31.046652166 [SIGNAL] BUY | 688416.SH | Time=09:33:30.170 | Price=821430(82.14元) | Open=77.5400 | PrevClose=79.1200 | Reason=横沟突破 (直接突破)
2026-01-21 09:33:31.046656297 [ORDR] [LIVE] 688416.SH_HS | 688416.SH | BUY @ 82.143 | qty=100 | trigger_time=93330170
2026-01-21 09:33:33.996985821 [SIGNAL] BUY | 688498.SH | Time=09:33:33.320 | Price=7523562(752.36元) | Open=713.4700 | PrevClose=712.6800 | n=2003 | delta_n=2054 | Reason=横沟突破 (动力学触发)
2026-01-21 09:33:33.996990340 [ORDR] [LIVE] 688498.SH_HS | 688498.SH | BUY @ 752.3562 | qty=100 | trigger_time=93333320
2026-01-21 09:33:38.383417410 [SIGNAL] BUY | 688141.SH | Time=09:33:38.060 | Price=510737(51.07元) | Open=48.0000 | PrevClose=46.5500 | Reason=追4/6 (直接突破)
2026-01-21 09:33:38.383423360 [ORDR] [LIVE] 688141.SH_PGB | 688141.SH | BUY @ 51.0737 | qty=100 | trigger_time=93338060
2026-01-21 09:33:39.819315499 [SIGNAL] BUY | 600724.SH | Time=09:33:39.480 | Price=69766(6.98元) | Open=6.6400 | PrevClose=6.7500 | n=12358 | delta_n=14000 | Reason=横沟突破 (动力学触发)
2026-01-21 09:33:39.819318954 [ORDR] [LIVE] 600724.SH_HS | 600724.SH | BUY @ 6.9766 | qty=100 | trigger_time=93339480
2026-01-21 09:33:40.515726501 [SIGNAL] BUY | 301005.SZ | Time=09:33:40.500 | Price=2049051(204.91元) | Open=191.4900 | PrevClose=194.9800 | Reason=横沟突破 (直接突破)
2026-01-21 09:33:40.515728850 [ORDR] [LIVE] 301005.SZ_HS | 301005.SZ | BUY @ 204.9051 | qty=100 | trigger_time=93340500
2026-01-21 09:33:51.622290018 [SIGNAL] BUY | 300986.SZ | Time=09:33:51.600 | Price=366119(36.61元) | Open=33.8000 | PrevClose=33.8000 | n=8682 | delta_n=8800 | Reason=横沟突破 (动力学触发)
2026-01-21 09:33:51.622297339 [ORDR] [LIVE] 300986.SZ_HS | 300986.SZ | BUY @ 36.6119 | qty=100 | trigger_time=93351600
2026-01-21 09:33:56.628859789 [SIGNAL] BUY | 300503.SZ | Time=09:33:56.580 | Price=665727(66.57元) | Open=64.6500 | PrevClose=64.0100 | Reason=横沟突破 (直接突破)
2026-01-21 09:33:56.628863749 [ORDR] [LIVE] 300503.SZ_HS | 300503.SZ | BUY @ 66.5727 | qty=100 | trigger_time=93356580
2026-01-21 09:34:03.663756828 [SIGNAL] BUY | 002487.SZ | Time=09:34:03.640 | Price=605627(60.56元) | Open=57.4100 | PrevClose=57.2600 | Reason=追4/6 (直接突破)
2026-01-21 09:34:03.663761008 [ORDR] [LIVE] 002487.SZ_PGB | 002487.SZ | BUY @ 60.5627 | qty=100 | trigger_time=93403640
2026-01-21 09:34:06.190967920 [SIGNAL] BUY | 000036.SZ | Time=09:34:06.160 | Price=58679(5.87元) | Open=5.6100 | PrevClose=5.6100 | Reason=横沟突破 (直接突破)
2026-01-21 09:34:06.190971250 [ORDR] [LIVE] 000036.SZ_HS | 000036.SZ | BUY @ 5.8679 | qty=100 | trigger_time=93406160
2026-01-21 09:34:07.568930305 [SIGNAL] BUY | 300903.SZ | Time=09:34:07.540 | Price=228418(22.84元) | Open=21.6000 | PrevClose=21.7900 | n=7256 | delta_n=8800 | Reason=横沟突破 (动力学触发)
2026-01-21 09:34:07.568933525 [ORDR] [LIVE] 300903.SZ_HS | 300903.SZ | BUY @ 22.8418 | qty=100 | trigger_time=93407540
2026-01-21 09:34:11.039559617 [SIGNAL] BUY | 601069.SH | Time=09:34:10.840 | Price=339515(33.95元) | Open=32.7100 | PrevClose=32.1000 | Reason=追4/6 (直接突破)
2026-01-21 09:34:11.039563609 [ORDR] [LIVE] 601069.SH_PGB | 601069.SH | BUY @ 33.9515 | qty=100 | trigger_time=93410840
2026-01-21 09:34:13.161501884 [SIGNAL] BUY | 300833.SZ | Time=09:34:13.130 | Price=472294(47.23元) | Open=43.8500 | PrevClose=43.0600 | n=2553 | delta_n=2700 | Reason=横沟突破 (动力学触发)
2026-01-21 09:34:13.161505194 [ORDR] [LIVE] 300833.SZ_HS | 300833.SZ | BUY @ 47.2294 | qty=100 | trigger_time=93413130
2026-01-21 09:34:49.033468988 [SIGNAL] BUY | 605507.SH | Time=09:34:48.780 | Price=266958(26.70元) | Open=25.2000 | PrevClose=25.2400 | Reason=追4/6 (直接突破)
2026-01-21 09:34:49.033474012 [ORDR] [LIVE] 605507.SH_PGB | 605507.SH | BUY @ 26.6958 | qty=100 | trigger_time=93448780
2026-01-21 09:35:01.296574171 [SIGNAL] BUY | 002290.SZ | Time=09:35:01.270 | Price=614369(61.44元) | Open=58.2000 | PrevClose=58.2000 | Reason=横沟突破 (直接突破)
2026-01-21 09:35:01.296580276 [ORDR] [LIVE] 002290.SZ_HS | 002290.SZ | BUY @ 61.4369 | qty=100 | trigger_time=93501270
2026-01-21 09:35:05.464753985 [SIGNAL] BUY | 002290.SZ | Time=09:35:05.440 | Price=615569(61.56元) | Open=58.2000 | PrevClose=58.2000 | Reason=追4/6 (直接突破)
2026-01-21 09:35:05.464757956 [ORDR] [LIVE] 002290.SZ_PGB | 002290.SZ | BUY @ 61.5569 | qty=100 | trigger_time=93505440
2026-01-21 09:35:08.548785428 [SIGNAL] BUY | 001311.SZ | Time=09:35:08.520 | Price=369984(37.00元) | Open=34.6000 | PrevClose=34.9300 | n=6988 | delta_n=7000 | Reason=追4/6 (动力学触发)
2026-01-21 09:35:08.548791292 [ORDR] [LIVE] 001311.SZ_PGB | 001311.SZ | BUY @ 36.9984 | qty=100 | trigger_time=93508520
2026-01-21 09:35:08.548854503 [SIGNAL] BUY | 001311.SZ | Time=09:35:08.520 | Price=369984(37.00元) | Open=34.6000 | PrevClose=34.9300 | n=6988 | delta_n=7000 | Reason=横沟突破 (动力学触发)
2026-01-21 09:35:08.548856623 [ORDR] [LIVE] 001311.SZ_HS | 001311.SZ | BUY @ 36.9984 | qty=100 | trigger_time=93508520
2026-01-21 09:35:14.817889617 [SIGNAL] BUY | 603629.SH | Time=09:35:14.560 | Price=315611(31.56元) | Open=29.6900 | PrevClose=29.8400 | Reason=追4/6 (直接突破)
2026-01-21 09:35:14.817893540 [ORDR] [LIVE] 603629.SH_PGB | 603629.SH | BUY @ 31.5611 | qty=100 | trigger_time=93514560
2026-01-21 09:35:22.850303627 [SIGNAL] BUY | 002021.SZ | Time=09:35:22.820 | Price=33052(3.31元) | Open=3.1800 | PrevClose=3.1600 | n=432449 | delta_n=437000 | Reason=横沟突破 (动力学触发)
2026-01-21 09:35:22.850307617 [ORDR] [LIVE] 002021.SZ_HS | 002021.SZ | BUY @ 3.3052 | qty=100 | trigger_time=93522820
2026-01-21 09:35:29.882217301 [SIGNAL] BUY | 000620.SZ | Time=09:35:29.860 | Price=38035(3.80元) | Open=3.6000 | PrevClose=3.6000 | n=106901 | delta_n=112400 | Reason=横沟突破 (动力学触发)
2026-01-21 09:35:29.882224634 [ORDR] [LIVE] 000620.SZ_HS | 000620.SZ | BUY @ 3.8035 | qty=100 | trigger_time=93529860
2026-01-21 09:35:36.765528510 [SIGNAL] BUY | 001203.SZ | Time=09:35:36.740 | Price=294775(29.48元) | Open=28.5000 | PrevClose=27.8700 | Reason=追4/6 (直接突破)
2026-01-21 09:35:36.765532760 [ORDR] [LIVE] 001203.SZ_PGB | 001203.SZ | BUY @ 29.4775 | qty=100 | trigger_time=93536740
2026-01-21 09:35:37.186278873 [SIGNAL] BUY | 301248.SZ | Time=09:35:37.160 | Price=503210(50.32元) | Open=48.0300 | PrevClose=48.1500 | Reason=横沟突破 (直接突破)
2026-01-21 09:35:37.186282873 [ORDR] [LIVE] 301248.SZ_HS | 301248.SZ | BUY @ 50.321 | qty=100 | trigger_time=93537160
2026-01-21 09:35:37.306561304 [SIGNAL] BUY | 300206.SZ | Time=09:35:37.280 | Price=157228(15.72元) | Open=15.3200 | PrevClose=15.4600 | n=3980 | delta_n=4400 | Reason=弱转强绿开翻红 (动力学触发)
2026-01-21 09:35:37.306565444 [ORDR] [LIVE] 300206.SZ_ORB | 300206.SZ | BUY @ 15.7228 | qty=100 | trigger_time=93537280
2026-01-21 09:35:44.774708701 [SIGNAL] BUY | 002943.SZ | Time=09:35:44.740 | Price=591690(59.17元) | Open=57.0100 | PrevClose=58.0000 | Reason=横沟突破 (直接突破)
2026-01-21 09:35:44.774712440 [ORDR] [LIVE] 002943.SZ_HS | 002943.SZ | BUY @ 59.169 | qty=100 | trigger_time=93544740
2026-01-21 09:35:52.805480975 [SIGNAL] BUY | 002782.SZ | Time=09:35:52.770 | Price=220078(22.01元) | Open=20.7600 | PrevClose=20.7600 | n=37303 | delta_n=38300 | Reason=追4/6 (动力学触发)
2026-01-21 09:35:52.805485735 [ORDR] [LIVE] 002782.SZ_PGB | 002782.SZ | BUY @ 22.0078 | qty=100 | trigger_time=93552770
2026-01-21 09:35:52.805555017 [SIGNAL] BUY | 002782.SZ | Time=09:35:52.770 | Price=220078(22.01元) | Open=20.7600 | PrevClose=20.7600 | n=37303 | delta_n=38300 | Reason=横沟突破 (动力学触发)
2026-01-21 09:35:52.805556977 [ORDR] [LIVE] 002782.SZ_HS | 002782.SZ | BUY @ 22.0078 | qty=100 | trigger_time=93552770
2026-01-21 09:36:07.757560829 [SIGNAL] BUY | 300129.SZ | Time=09:36:07.730 | Price=157329(15.73元) | Open=14.8600 | PrevClose=15.0400 | n=55950 | delta_n=56100 | Reason=横沟突破 (动力学触发)
2026-01-21 09:36:07.757564939 [ORDR] [LIVE] 300129.SZ_HS | 300129.SZ | BUY @ 15.7329 | qty=100 | trigger_time=93607730
2026-01-21 09:36:08.561344700 [SIGNAL] BUY | 300903.SZ | Time=09:36:08.540 | Price=234900(23.49元) | Open=21.6000 | PrevClose=21.7900 | Reason=追4/6 (直接突破)
2026-01-21 09:36:08.561347800 [ORDR] [LIVE] 300903.SZ_PGB | 300903.SZ | BUY @ 23.49 | qty=100 | trigger_time=93608540
2026-01-21 09:36:14.129736012 [SIGNAL] BUY | 002239.SZ | Time=09:36:14.100 | Price=33866(3.39元) | Open=3.1800 | PrevClose=3.1300 | Reason=横沟突破 (直接突破)
2026-01-21 09:36:14.129740937 [ORDR] [LIVE] 002239.SZ_HS | 002239.SZ | BUY @ 3.3866 | qty=100 | trigger_time=93614100
2026-01-21 09:36:16.552045149 [SIGNAL] BUY | 603626.SH | Time=09:36:16.290 | Price=249164(24.92元) | Open=23.0800 | PrevClose=23.5500 | n=54060 | delta_n=54500 | Reason=追4/6 (动力学触发)
2026-01-21 09:36:16.552049239 [ORDR] [LIVE] 603626.SH_PGB | 603626.SH | BUY @ 24.9164 | qty=100 | trigger_time=93616290
2026-01-21 09:36:31.307136887 [SIGNAL] BUY | 688766.SH | Time=09:36:31.060 | Price=2324857(232.49元) | Open=219.7000 | PrevClose=215.6600 | Reason=追4/6 (直接突破)
2026-01-21 09:36:31.307141454 [ORDR] [LIVE] 688766.SH_PGB | 688766.SH | BUY @ 232.4857 | qty=100 | trigger_time=93631060
2026-01-21 09:36:41.335221442 [SIGNAL] BUY | 300731.SZ | Time=09:36:41.300 | Price=582232(58.22元) | Open=54.7000 | PrevClose=55.5000 | Reason=横沟突破 (直接突破)
2026-01-21 09:36:41.335225932 [ORDR] [LIVE] 300731.SZ_HS | 300731.SZ | BUY @ 58.2232 | qty=100 | trigger_time=93641300
2026-01-21 09:36:43.409164504 [SIGNAL] BUY | 301319.SZ | Time=09:36:43.390 | Price=541044(54.10元) | Open=51.4000 | PrevClose=51.2500 | n=13890 | delta_n=14100 | Reason=横沟突破 (动力学触发)
2026-01-21 09:36:43.409168122 [ORDR] [LIVE] 301319.SZ_HS | 301319.SZ | BUY @ 54.1044 | qty=100 | trigger_time=93643390
2026-01-21 09:37:06.016621160 [SIGNAL] BUY | 300683.SZ | Time=09:37:05.980 | Price=303167(30.32元) | Open=28.2800 | PrevClose=28.0600 | Reason=追4/6 (直接突破)
2026-01-21 09:37:06.016628989 [ORDR] [LIVE] 300683.SZ_PGB | 300683.SZ | BUY @ 30.3167 | qty=100 | trigger_time=93705980
2026-01-21 09:37:06.747195065 [SIGNAL] BUY | 000036.SZ | Time=09:37:06.710 | Price=59335(5.93元) | Open=5.6100 | PrevClose=5.6100 | Reason=追4/6 (直接突破)
2026-01-21 09:37:06.747199323 [ORDR] [LIVE] 000036.SZ_PGB | 000036.SZ | BUY @ 5.9335 | qty=100 | trigger_time=93706710
2026-01-21 09:37:07.537344152 [SIGNAL] BUY | 300683.SZ | Time=09:37:07.510 | Price=303167(30.32元) | Open=28.2800 | PrevClose=28.0600 | Reason=横沟突破 (直接突破)
2026-01-21 09:37:07.537346963 [ORDR] [LIVE] 300683.SZ_HS | 300683.SZ | BUY @ 30.3167 | qty=100 | trigger_time=93707510
2026-01-21 09:37:08.292245979 [SIGNAL] BUY | 603618.SH | Time=09:37:08.130 | Price=90919(9.09元) | Open=8.7300 | PrevClose=8.8700 | n=16115 | delta_n=17500 | Reason=横沟突破 (动力学触发)
2026-01-21 09:37:08.292248873 [ORDR] [LIVE] 603618.SH_HS | 603618.SH | BUY @ 9.0919 | qty=100 | trigger_time=93708130
2026-01-21 09:37:30.305681711 [SIGNAL] BUY | 605016.SH | Time=09:37:30.050 | Price=239401(23.94元) | Open=22.9900 | PrevClose=22.7700 | Reason=横沟突破 (直接突破)
2026-01-21 09:37:30.305686872 [ORDR] [LIVE] 605016.SH_HS | 605016.SH | BUY @ 23.9401 | qty=100 | trigger_time=93730050
2026-01-21 09:37:43.800665098 [SIGNAL] BUY | 605016.SH | Time=09:37:43.640 | Price=240833(24.08元) | Open=22.9900 | PrevClose=22.7700 | Reason=追4/6 (直接突破)
2026-01-21 09:37:43.800669302 [ORDR] [LIVE] 605016.SH_PGB | 605016.SH | BUY @ 24.0833 | qty=100 | trigger_time=93743640
2026-01-21 09:37:44.045973001 [SIGNAL] BUY | 688179.SH | Time=09:37:43.820 | Price=182754(18.28元) | Open=17.5400 | PrevClose=17.2000 | n=3011 | delta_n=3528 | Reason=横沟突破 (动力学触发)
2026-01-21 09:37:44.045977135 [ORDR] [LIVE] 688179.SH_HS | 688179.SH | BUY @ 18.2754 | qty=100 | trigger_time=93743820
2026-01-21 09:37:55.304858639 [SIGNAL] BUY | 601869.SH | Time=09:37:55.010 | Price=1213077(121.31元) | Open=115.0800 | PrevClose=118.4000 | n=2425 | delta_n=2600 | Reason=横沟突破 (动力学触发)
2026-01-21 09:37:55.304863157 [ORDR] [LIVE] 601869.SH_HS | 601869.SH | BUY @ 121.3077 | qty=100 | trigger_time=93755010
2026-01-21 09:37:55.314378360 [SIGNAL] BUY | 688516.SH | Time=09:37:55.150 | Price=697478(69.75元) | Open=63.9000 | PrevClose=64.7000 | Reason=追4/6 (直接突破)
2026-01-21 09:37:55.314381310 [ORDR] [LIVE] 688516.SH_PGB | 688516.SH | BUY @ 69.7478 | qty=100 | trigger_time=93755150
2026-01-21 09:37:57.799799259 [SIGNAL] BUY | 600382.SH | Time=09:37:57.560 | Price=91806(9.18元) | Open=8.6200 | PrevClose=8.6800 | Reason=追4/6 (直接突破)
2026-01-21 09:37:57.799803540 [ORDR] [LIVE] 600382.SH_PGB | 600382.SH | BUY @ 9.1806 | qty=100 | trigger_time=93757560
2026-01-21 09:38:00.790581630 [SIGNAL] BUY | 603938.SH | Time=09:38:00.560 | Price=285150(28.52元) | Open=26.0300 | PrevClose=26.9600 | Reason=追4/6 (直接突破)
2026-01-21 09:38:00.790585920 [ORDR] [LIVE] 603938.SH_PGB | 603938.SH | BUY @ 28.515 | qty=100 | trigger_time=93800560
2026-01-21 09:38:02.312991276 [SIGNAL] BUY | 688399.SH | Time=09:38:02.040 | Price=833417(83.34元) | Open=77.3100 | PrevClose=77.3100 | Reason=追4/6 (直接突破)
2026-01-21 09:38:02.312996901 [ORDR] [LIVE] 688399.SH_PGB | 688399.SH | BUY @ 83.3417 | qty=100 | trigger_time=93802040
2026-01-21 09:38:03.533756180 [SIGNAL] BUY | 688300.SH | Time=09:38:03.290 | Price=723493(72.35元) | Open=68.3000 | PrevClose=68.9700 | n=3753 | delta_n=3893 | Reason=横沟突破 (动力学触发)
2026-01-21 09:38:03.533758910 [ORDR] [LIVE] 688300.SH_HS | 688300.SH | BUY @ 72.3493 | qty=100 | trigger_time=93803290
2026-01-21 09:38:07.542686321 [SIGNAL] BUY | 603058.SH | Time=09:38:07.300 | Price=111158(11.12元) | Open=10.7800 | PrevClose=10.7400 | n=18167 | delta_n=18400 | Reason=横沟突破 (动力学触发)
2026-01-21 09:38:07.542690750 [ORDR] [LIVE] 603058.SH_HS | 603058.SH | BUY @ 11.1158 | qty=100 | trigger_time=93807300
2026-01-21 09:38:08.534384376 [SIGNAL] BUY | 300042.SZ | Time=09:38:08.500 | Price=326660(32.67元) | Open=30.7400 | PrevClose=31.1200 | Reason=横沟突破 (直接突破)
2026-01-21 09:38:08.534388578 [ORDR] [LIVE] 300042.SZ_HS | 300042.SZ | BUY @ 32.666 | qty=100 | trigger_time=93808500
2026-01-21 09:38:10.540889334 [SIGNAL] BUY | 688262.SH | Time=09:38:10.380 | Price=379137(37.91元) | Open=34.3800 | PrevClose=34.8600 | n=4504 | delta_n=4771 | Reason=横沟突破 (动力学触发)
2026-01-21 09:38:10.540894104 [ORDR] [LIVE] 688262.SH_HS | 688262.SH | BUY @ 37.9137 | qty=100 | trigger_time=93810380
2026-01-21 09:38:16.478586502 [SIGNAL] BUY | 301591.SZ | Time=09:38:16.450 | Price=483888(48.39元) | Open=45.5600 | PrevClose=45.5400 | Reason=横沟突破 (直接突破)
2026-01-21 09:38:16.478590072 [ORDR] [LIVE] 301591.SZ_HS | 301591.SZ | BUY @ 48.3888 | qty=100 | trigger_time=93816450
2026-01-21 09:38:16.682965083 [SIGNAL] BUY | 300448.SZ | Time=09:38:16.660 | Price=96411(9.64元) | Open=9.2600 | PrevClose=9.4800 | Reason=弱转强绿开翻红 (直接突破)
2026-01-21 09:38:16.682970963 [ORDR] [LIVE] 300448.SZ_ORB | 300448.SZ | BUY @ 9.6411 | qty=100 | trigger_time=93816660
2026-01-21 09:38:24.844701211 [SIGNAL] BUY | 002796.SZ | Time=09:38:24.810 | Price=461254(46.13元) | Open=43.4400 | PrevClose=43.6100 | Reason=追4/6 (直接突破)
2026-01-21 09:38:24.844705561 [ORDR] [LIVE] 002796.SZ_PGB | 002796.SZ | BUY @ 46.1254 | qty=100 | trigger_time=93824810
2026-01-21 09:38:32.998193146 [SIGNAL] BUY | 300776.SZ | Time=09:38:32.970 | Price=802046(80.20元) | Open=73.6900 | PrevClose=74.4000 | Reason=追4/6 (直接突破)
2026-01-21 09:38:32.998199146 [ORDR] [LIVE] 300776.SZ_PGB | 300776.SZ | BUY @ 80.2046 | qty=100 | trigger_time=93832970
2026-01-21 09:38:34.266128471 [SIGNAL] BUY | 002545.SZ | Time=09:38:34.240 | Price=252362(25.24元) | Open=24.2000 | PrevClose=23.8600 | Reason=追4/6 (直接突破)
2026-01-21 09:38:34.266132945 [ORDR] [LIVE] 002545.SZ_PGB | 002545.SZ | BUY @ 25.2362 | qty=100 | trigger_time=93834240
2026-01-21 09:38:38.051868830 [SIGNAL] BUY | 688123.SH | Time=09:38:37.800 | Price=1746900(174.69元) | Open=160.5000 | PrevClose=162.0000 | Reason=追4/6 (直接突破)
2026-01-21 09:38:38.051872340 [ORDR] [LIVE] 688123.SH_PGB | 688123.SH | BUY @ 174.69 | qty=100 | trigger_time=93837800
2026-01-21 09:38:40.820597191 [SIGNAL] BUY | 603286.SH | Time=09:38:40.640 | Price=832007(83.20元) | Open=78.6000 | PrevClose=81.8100 | n=14548 | delta_n=16000 | Reason=弱转强绿开翻红 (动力学触发)
2026-01-21 09:38:40.820603311 [ORDR] [LIVE] 603286.SH_ORB | 603286.SH | BUY @ 83.2007 | qty=100 | trigger_time=93840640
2026-01-21 09:39:04.873740243 [SIGNAL] BUY | 002048.SZ | Time=09:39:04.850 | Price=353793(35.38元) | Open=33.5700 | PrevClose=33.4500 | Reason=追4/6 (直接突破)
2026-01-21 09:39:04.873747496 [ORDR] [LIVE] 002048.SZ_PGB | 002048.SZ | BUY @ 35.3793 | qty=100 | trigger_time=93904850
2026-01-21 09:39:05.040957994 [SIGNAL] BUY | 600114.SH | Time=09:39:04.810 | Price=364289(36.43元) | Open=34.3100 | PrevClose=34.3200 | Reason=追4/6 (直接突破)
2026-01-21 09:39:05.040962773 [ORDR] [LIVE] 600114.SH_PGB | 600114.SH | BUY @ 36.4289 | qty=100 | trigger_time=93904810
2026-01-21 09:39:07.622025071 [SIGNAL] BUY | 300731.SZ | Time=09:39:07.600 | Price=598301(59.83元) | Open=54.7000 | PrevClose=55.5000 | Reason=追4/6 (直接突破)
2026-01-21 09:39:07.622027881 [ORDR] [LIVE] 300731.SZ_PGB | 300731.SZ | BUY @ 59.8301 | qty=100 | trigger_time=93907600
2026-01-21 09:39:08.193946159 [SIGNAL] BUY | 300969.SZ | Time=09:39:08.170 | Price=1515228(151.52元) | Open=143.7200 | PrevClose=143.6000 | Reason=横沟突破 (直接突破)
2026-01-21 09:39:08.193949879 [ORDR] [LIVE] 300969.SZ_HS | 300969.SZ | BUY @ 151.5228 | qty=100 | trigger_time=93908170
2026-01-21 09:39:14.040128091 [SIGNAL] BUY | 603040.SH | Time=09:39:13.810 | Price=1013542(101.35元) | Open=95.8000 | PrevClose=95.8000 | Reason=追4/6 (直接突破)
2026-01-21 09:39:14.040131618 [ORDR] [LIVE] 603040.SH_PGB | 603040.SH | BUY @ 101.3542 | qty=100 | trigger_time=93913810
2026-01-21 09:39:25.781508536 [SIGNAL] BUY | 603938.SH | Time=09:39:25.450 | Price=287709(28.77元) | Open=26.0300 | PrevClose=26.9600 | n=3484 | delta_n=3800 | Reason=横沟突破 (动力学触发)
2026-01-21 09:39:25.781512345 [ORDR] [LIVE] 603938.SH_HS | 603938.SH | BUY @ 28.7709 | qty=100 | trigger_time=93925450
2026-01-21 09:39:33.020476845 [SIGNAL] BUY | 301595.SZ | Time=09:39:32.990 | Price=577249(57.72元) | Open=54.0000 | PrevClose=54.0800 | Reason=横沟突破 (直接突破)
2026-01-21 09:39:33.020482891 [ORDR] [LIVE] 301595.SZ_HS | 301595.SZ | BUY @ 57.7249 | qty=100 | trigger_time=93932990
2026-01-21 09:39:47.584675152 [SIGNAL] BUY | 300206.SZ | Time=09:39:47.570 | Price=159668(15.97元) | Open=15.3200 | PrevClose=15.4600 | Reason=横沟突破 (直接突破)
2026-01-21 09:39:47.584679242 [ORDR] [LIVE] 300206.SZ_HS | 300206.SZ | BUY @ 15.9668 | qty=100 | trigger_time=93947570
2026-01-21 09:39:55.435125708 [SIGNAL] BUY | 300503.SZ | Time=09:39:55.410 | Price=694407(69.44元) | Open=64.6500 | PrevClose=64.0100 | n=5817 | delta_n=6100 | Reason=追4/6 (动力学触发)
2026-01-21 09:39:55.435129528 [ORDR] [LIVE] 300503.SZ_PGB | 300503.SZ | BUY @ 69.4407 | qty=100 | trigger_time=93955410
2026-01-21 09:39:58.578142791 [SIGNAL] BUY | 600330.SH | Time=09:39:58.300 | Price=117971(11.80元) | Open=11.2100 | PrevClose=11.4500 | n=55256 | delta_n=55300 | Reason=横沟突破 (动力学触发)
2026-01-21 09:39:58.578147390 [ORDR] [LIVE] 600330.SH_HS | 600330.SH | BUY @ 11.7971 | qty=100 | trigger_time=93958300
2026-01-21 09:40:04.854202154 [SIGNAL] BUY | 301591.SZ | Time=09:40:04.830 | Price=490930(49.09元) | Open=45.5600 | PrevClose=45.5400 | Reason=追4/6 (直接突破)
2026-01-21 09:40:04.854206171 [ORDR] [LIVE] 301591.SZ_PGB | 301591.SZ | BUY @ 49.093 | qty=100 | trigger_time=94004830
2026-01-21 09:40:06.710903686 [SIGNAL] BUY | 301607.SZ | Time=09:40:06.690 | Price=516635(51.66元) | Open=48.2000 | PrevClose=47.5600 | Reason=追4/6 (直接突破)
2026-01-21 09:40:06.710906226 [ORDR] [LIVE] 301607.SZ_PGB | 301607.SZ | BUY @ 51.6635 | qty=100 | trigger_time=94006690
2026-01-21 09:40:23.552061509 [SIGNAL] BUY | 300291.SZ | Time=09:40:23.520 | Price=103733(10.37元) | Open=9.7600 | PrevClose=9.8300 | n=186645 | delta_n=186800 | Reason=横沟突破 (动力学触发)
2026-01-21 09:40:23.552067389 [ORDR] [LIVE] 300291.SZ_HS | 300291.SZ | BUY @ 10.3733 | qty=100 | trigger_time=94023520
2026-01-21 09:40:30.532539120 [SIGNAL] BUY | 688071.SH | Time=09:40:30.270 | Price=364085(36.41元) | Open=34.3400 | PrevClose=34.5200 | Reason=横沟突破 (直接突破)
2026-01-21 09:40:30.532544927 [ORDR] [LIVE] 688071.SH_HS | 688071.SH | BUY @ 36.4085 | qty=100 | trigger_time=94030270
2026-01-21 09:40:35.355273951 [SIGNAL] BUY | 002119.SZ | Time=09:40:35.320 | Price=247232(24.72元) | Open=23.9100 | PrevClose=23.9100 | n=15092 | delta_n=15400 | Reason=横沟突破 (动力学触发)
2026-01-21 09:40:35.355280228 [ORDR] [LIVE] 002119.SZ_HS | 002119.SZ | BUY @ 24.7232 | qty=100 | trigger_time=94035320
2026-01-21 09:41:21.561114464 [SIGNAL] BUY | 688141.SH | Time=09:41:21.340 | Price=514093(51.41元) | Open=48.0000 | PrevClose=46.5500 | n=12313 | delta_n=12487 | Reason=横沟突破 (动力学触发)
2026-01-21 09:41:21.561121889 [ORDR] [LIVE] 688141.SH_HS | 688141.SH | BUY @ 51.4093 | qty=100 | trigger_time=94121340
2026-01-21 09:42:29.157790283 [SIGNAL] BUY | 301319.SZ | Time=09:42:29.140 | Price=552485(55.25元) | Open=51.4000 | PrevClose=51.2500 | Reason=追4/6 (直接突破)
2026-01-21 09:42:29.157796501 [ORDR] [LIVE] 301319.SZ_PGB | 301319.SZ | BUY @ 55.2485 | qty=100 | trigger_time=94229140