2026-01-27 09:30:00.131045527 [STRA] 000875.SZ | BUY | MARKET_TIME=09:30:00.000 | LOCAL_TIME=01:30:00.130 | Price=70376(7.04元) | Open=6.9000 | PrevClose=6.9200 | Reason=弱转强绿开翻红 (直
接突破)
2026-01-27 09:30:00.134416133 [ORDR] 000875.SZ | 000875.SZ_ORB | BUY @ 7.0376 | qty=100 | trigger_time=93000000
2026-01-27 09:30:00.541872797 [STRA] 603256.SH | BUY | MARKET_TIME=09:30:00.110 | LOCAL_TIME=01:30:00.541 | Price=491719(49.17元) | Open=48.3000 | PrevClose=48.3500 | n=5312 | delta_n=6300
 | Reason=弱转强绿开翻红 (动力学触发)
2026-01-27 09:30:00.542216007 [ORDR] 603256.SH | 603256.SH_ORB | BUY @ 49.1719 | qty=100 | trigger_time=93000110
2026-01-27 09:30:00.567407915 [STRA] 603012.SH | BUY | MARKET_TIME=09:30:00.260 | LOCAL_TIME=01:30:00.567 | Price=81258(8.13元) | Open=7.9800 | PrevClose=7.9900 | Reason=弱转强绿开翻红 (直
接突破)
2026-01-27 09:30:00.567612770 [ORDR] 603012.SH | 603012.SH_ORB | BUY @ 8.1258 | qty=100 | trigger_time=93000260
2026-01-27 09:30:03.668564851 [STRA] 300617.SZ | BUY | MARKET_TIME=09:30:00.180 | LOCAL_TIME=01:30:03.668 | Price=452158(45.22元) | Open=44.0300 | PrevClose=44.4600 | Reason=弱转强绿开翻红
 (直接突破)
2026-01-27 09:30:03.668568923 [ORDR] 300617.SZ | 300617.SZ_ORB | BUY @ 45.2158 | qty=100 | trigger_time=93000180
2026-01-27 09:30:03.688049653 [STRA] 688326.SH | BUY | MARKET_TIME=09:30:02.960 | LOCAL_TIME=01:30:03.688 | Price=1473124(147.31元) | Open=143.2300 | PrevClose=144.8500 | Reason=弱转强绿开
翻红 (直接突破)
2026-01-27 09:30:03.688242528 [ORDR] 688326.SH | 688326.SH_ORB | BUY @ 147.3124 | qty=100 | trigger_time=93002960
2026-01-27 09:30:04.340336819 [STRA] 603039.SH | BUY | MARKET_TIME=09:30:03.440 | LOCAL_TIME=01:30:04.340 | Price=706814(70.68元) | Open=68.9500 | PrevClose=69.5000 | Reason=弱转强绿开翻红
 (直接突破)
2026-01-27 09:30:04.340495493 [ORDR] 603039.SH | 603039.SH_ORB | BUY @ 70.6814 | qty=100 | trigger_time=93003440
2026-01-27 09:30:05.830739248 [STRA] 301428.SZ | BUY | MARKET_TIME=09:30:00.450 | LOCAL_TIME=01:30:05.830 | Price=391443(39.14元) | Open=38.0200 | PrevClose=38.4900 | Reason=弱转强绿开翻红
 (直接突破)
2026-01-27 09:30:05.830742458 [ORDR] 301428.SZ | 301428.SZ_ORB | BUY @ 39.1443 | qty=100 | trigger_time=93000450
2026-01-27 09:30:07.244613934 [STRA] 600293.SH | BUY | MARKET_TIME=09:30:05.240 | LOCAL_TIME=01:30:07.244 | Price=37018(3.70元) | Open=3.6000 | PrevClose=3.6400 | n=45083 | delta_n=54600 |
 Reason=弱转强绿开翻红 (动力学触发)
2026-01-27 09:30:07.244742792 [ORDR] 600293.SH | 600293.SH_ORB | BUY @ 3.7018 | qty=100 | trigger_time=93005240
2026-01-27 09:30:08.496800967 [STRA] 605488.SH | BUY | MARKET_TIME=09:30:06.030 | LOCAL_TIME=01:30:08.496 | Price=433851(43.39元) | Open=41.9200 | PrevClose=42.6600 | Reason=弱转强绿开翻红
 (直接突破)
2026-01-27 09:30:08.496904568 [ORDR] 605488.SH | 605488.SH_ORB | BUY @ 43.3851 | qty=100 | trigger_time=93006030
2026-01-27 09:30:13.089305284 [STRA] 002250.SZ | BUY | MARKET_TIME=09:30:01.860 | LOCAL_TIME=01:30:13.089 | Price=190687(19.07元) | Open=18.5500 | PrevClose=18.7500 | Reason=弱转强绿开翻红
 (直接突破)
2026-01-27 09:30:13.089309493 [ORDR] 002250.SZ | 002250.SZ_ORB | BUY @ 19.0687 | qty=100 | trigger_time=93001860
2026-01-27 09:30:22.868420837 [STRA] 002174.SZ | BUY | MARKET_TIME=09:30:06.440 | LOCAL_TIME=01:30:22.868 | Price=126921(12.69元) | Open=12.4200 | PrevClose=12.4800 | n=16088 | delta_n=183
00 | Reason=弱转强绿开翻红 (动力学触发)
2026-01-27 09:30:22.868425407 [ORDR] 002174.SZ | 002174.SZ_ORB | BUY @ 12.6921 | qty=100 | trigger_time=93006440
2026-01-27 09:30:32.996586103 [STRA] 601869.SH | BUY | MARKET_TIME=09:30:22.300 | LOCAL_TIME=01:30:32.996 | Price=1259452(125.95元) | Open=123.0000 | PrevClose=123.8400 | n=2300 | delta_n=
2500 | Reason=弱转强绿开翻红 (动力学触发)
2026-01-27 09:30:32.996593692 [ORDR] 601869.SH | 601869.SH_ORB | BUY @ 125.9452 | qty=100 | trigger_time=93022300
2026-01-27 09:30:40.314845315 [STRA] 000048.SZ | BUY | MARKET_TIME=09:30:30.150 | LOCAL_TIME=01:30:40.314 | Price=195874(19.59元) | Open=19.2600 | PrevClose=19.2600 | n=22333 | delta_n=227
00 | Reason=弱转强高开新高 (动力学触发)
2026-01-27 09:30:40.314849935 [ORDR] 000048.SZ | 000048.SZ_ORB | BUY @ 19.5874 | qty=100 | trigger_time=93030150
2026-01-27 09:30:43.018882153 [SIGNAL] BUY SIGNAL | Time=09:30:33.780 | Price=44100(4.41元) | n(avg_volume)=78280 | delta_n(buy_trades)=82000 | current_volume=27300 | window_size=210
2026-01-27 09:30:43.018886399 [ORDR] 000078.SZ | 000078.SZ_Breakout | BUY @ 4.4849 | qty=100 | trigger_time=93033780
2026-01-27 09:30:45.489147545 [STRA] 600552.SH | BUY | MARKET_TIME=09:30:31.100 | LOCAL_TIME=01:30:45.489 | Price=157634(15.76元) | Open=15.1900 | PrevClose=15.5000 | n=25684 | delta_n=276
00 | Reason=弱转强绿开翻红 (动力学触发)
2026-01-27 09:30:45.489151815 [ORDR] 600552.SH | 600552.SH_ORB | BUY @ 15.7634 | qty=100 | trigger_time=93031100
2026-01-27 09:30:46.928299219 [STRA] 002022.SZ | BUY | MARKET_TIME=09:30:40.010 | LOCAL_TIME=01:30:46.928 | Price=73508(7.35元) | Open=7.1400 | PrevClose=6.9500 | Reason=追4/6 (直接突破)
2026-01-27 09:30:46.928303398 [ORDR] 002022.SZ | 002022.SZ_PGB | BUY @ 7.3508 | qty=100 | trigger_time=93040010
2026-01-27 09:30:47.753406064 [STRA] 002859.SZ | BUY | MARKET_TIME=09:30:40.720 | LOCAL_TIME=01:30:47.753 | Price=396324(39.63元) | Open=38.8700 | PrevClose=38.8000 | Reason=弱转强高开新高
 (直接突破)
2026-01-27 09:30:47.753415025 [ORDR] 002859.SZ | 002859.SZ_ORB | BUY @ 39.6324 | qty=100 | trigger_time=93040720
2026-01-27 09:30:48.564712721 [STRA] 002358.SZ | BUY | MARKET_TIME=09:30:42.370 | LOCAL_TIME=01:30:48.564 | Price=75461(7.55元) | Open=7.3600 | PrevClose=7.4200 | n=11392 | delta_n=11800 |
 Reason=弱转强绿开翻红 (动力学触发)
2026-01-27 09:30:48.564718123 [ORDR] 002358.SZ | 002358.SZ_ORB | BUY @ 7.5461 | qty=100 | trigger_time=93042370
2026-01-27 09:30:49.758472481 [STRA] 002279.SZ | BUY | MARKET_TIME=09:30:44.140 | LOCAL_TIME=01:30:49.758 | Price=107293(10.73元) | Open=10.2200 | PrevClose=10.1000 | n=38037 | delta_n=409
00 | Reason=追4/6 (动力学触发)
2026-01-27 09:30:49.758477204 [ORDR] 002279.SZ | 002279.SZ_PGB | BUY @ 10.7293 | qty=100 | trigger_time=93044140
2026-01-27 09:30:55.134797942 [STRA] 301312.SZ | BUY | MARKET_TIME=09:30:52.550 | LOCAL_TIME=01:30:55.134 | Price=742409(74.24元) | Open=71.3300 | PrevClose=73.0000 | n=12553 | delta_n=127
00 | Reason=弱转强绿开翻红 (动力学触发)
2026-01-27 09:30:55.134803042 [ORDR] 301312.SZ | 301312.SZ_ORB | BUY @ 74.2409 | qty=100 | trigger_time=93052550
2026-01-27 09:30:56.221870839 [STRA] 002537.SZ | BUY | MARKET_TIME=09:30:53.670 | LOCAL_TIME=01:30:56.221 | Price=94072(9.41元) | Open=9.0600 | PrevClose=8.6600 | n=20145 | delta_n=22500 |
 Reason=追新高 (动力学触发)
2026-01-27 09:30:56.221875693 [ORDR] 002537.SZ | 002537.SZ_PGB | BUY @ 9.4072 | qty=100 | trigger_time=93053670
2026-01-27 09:30:58.117952543 [STRA] 300806.SZ | BUY | MARKET_TIME=09:30:56.120 | LOCAL_TIME=01:30:58.117 | Price=435072(43.51元) | Open=42.5100 | PrevClose=41.7000 | Reason=弱转强高开新高
 (直接突破)
2026-01-27 09:30:58.117956652 [ORDR] 300806.SZ | 300806.SZ_ORB | BUY @ 43.5072 | qty=100 | trigger_time=93056120
2026-01-27 09:31:08.958072185 [STRA] 300139.SZ | BUY | MARKET_TIME=09:31:08.930 | LOCAL_TIME=01:31:08.958 | Price=537993(53.80元) | Open=51.4800 | PrevClose=52.9000 | Reason=弱转强绿开翻红
 (直接突破)
2026-01-27 09:31:08.958078068 [ORDR] 300139.SZ | 300139.SZ_ORB | BUY @ 53.7993 | qty=100 | trigger_time=93108930
2026-01-27 09:31:17.756955444 [STRA] 600133.SH | BUY | MARKET_TIME=09:30:52.460 | LOCAL_TIME=01:31:17.756 | Price=109937(10.99元) | Open=10.7000 | PrevClose=10.8100 | Reason=弱转强绿开翻红
 (直接突破)
2026-01-27 09:31:17.757276952 [ORDR] 600133.SH | 600133.SH_ORB | BUY @ 10.9937 | qty=100 | trigger_time=93052460
2026-01-27 09:31:18.553068510 [STRA] 601218.SH | BUY | MARKET_TIME=09:30:53.160 | LOCAL_TIME=01:31:18.553 | Price=58679(5.87元) | Open=5.6600 | PrevClose=5.5400 | Reason=追4/6 (直接突破)
2026-01-27 09:31:18.553256923 [ORDR] 601218.SH | 601218.SH_PGB | BUY @ 5.8679 | qty=100 | trigger_time=93053160
2026-01-27 09:31:22.339718689 [STRA] 600651.SH | BUY | MARKET_TIME=09:30:55.670 | LOCAL_TIME=01:31:22.339 | Price=85427(8.54元) | Open=8.3500 | PrevClose=8.4000 | n=18854 | delta_n=22700 |
 Reason=弱转强绿开翻红 (动力学触发)
2026-01-27 09:31:22.339722919 [ORDR] 600651.SH | 600651.SH_ORB | BUY @ 8.5427 | qty=100 | trigger_time=93055670
2026-01-27 09:31:43.039474880 [STRA] 600556.SH | BUY | MARKET_TIME=09:31:10.260 | LOCAL_TIME=01:31:43.039 | Price=79431(7.94元) | Open=7.6400 | PrevClose=7.5100 | Reason=追4/6 (直接突破)
2026-01-27 09:31:43.039693943 [ORDR] 600556.SH | 600556.SH_PGB | BUY @ 7.9431 | qty=100 | trigger_time=93110260
2026-01-27 09:31:49.395404074 [STRA] 688292.SH | BUY | MARKET_TIME=09:31:14.820 | LOCAL_TIME=01:31:49.395 | Price=329981(33.00元) | Open=31.2900 | PrevClose=30.6100 | Reason=追4/6 (直接突
破)
2026-01-27 09:31:49.395594683 [ORDR] 688292.SH | 688292.SH_PGB | BUY @ 32.9981 | qty=100 | trigger_time=93114820