2026-01-23 09:52:26.944098 pid[72779] DEBUG: conf 1=/home/jiace/project/trading-engine/config/htsc-insight-cpp-config.conf
2026-01-23 09:52:26.944198 pid[72779] DEBUG: conf 2=config/htsc-insight-cpp-config.conf
2026-01-23 09:52:26.944201 pid[72779] DEBUG: conf 3=htsc-insight-cpp-config.conf
2026-01-23 09:52:26.944231 pid[72779] DEBUG: config file=/home/jiace/project/trading-engine/config/htsc-insight-cpp-config.conf
2026-01-23 09:52:26.944258 pid[72779] DEBUG: === property [thread_pool_init_size] set to [50] ===
2026-01-23 09:52:26.944262 pid[72779] DEBUG: === property [thread_pool_init_size] set to [50] by file ===
2026-01-23 09:52:26.944265 pid[72779] DEBUG: === property [thread_pool_max_size] set to [100] ===
2026-01-23 09:52:26.944267 pid[72779] DEBUG: === property [thread_pool_max_size] set to [100] by file ===
2026-01-23 09:52:26.944269 pid[72779] DEBUG: === property [global_trace] set to [1] ===
2026-01-23 09:52:26.944272 pid[72779] DEBUG: === property [global_trace] set to [1] by file ===
2026-01-23 09:52:26.944274 pid[72779] DEBUG: === property [heartbeat_trace] set to [0] ===
2026-01-23 09:52:26.944277 pid[72779] DEBUG: === property [heartbeat_trace] set to [0] by file ===
2026-01-23 09:52:26.944279 pid[72779] DEBUG: === property [thread_sleep_time] set to [0] ===
2026-01-23 09:52:26.944281 pid[72779] DEBUG: === property [thread_sleep_time] set to [0] by file ===
2026-01-23 09:52:26.944294 pid[72779] DEBUG: ========================================================
2026-01-23 09:52:26.944296 pid[72779] DEBUG: === property[connect_wait_time] = [30]
2026-01-23 09:52:26.944297 pid[72779] DEBUG: === property[send_wait_timeout] = [30]
2026-01-23 09:52:26.944298 pid[72779] DEBUG: === property[recv_wait_timeout] = [30]
2026-01-23 09:52:26.944300 pid[72779] DEBUG: === property[recv_n_timeout] = [3]
2026-01-23 09:52:26.944301 pid[72779] DEBUG: === property[discovery_server_wait_timeout] = [30]
2026-01-23 09:52:26.944302 pid[72779] DEBUG: === property[heartbeat_sleep_time] = [3]
2026-01-23 09:52:26.944304 pid[72779] DEBUG: === property[server_heartbeat_timeout] = [60]
2026-01-23 09:52:26.944305 pid[72779] DEBUG: === property[subscribe_response_message_wait_time] = [30]
2026-01-23 09:52:26.944306 pid[72779] DEBUG: === property[subscribe_try_count] = [10]
2026-01-23 09:52:26.944308 pid[72779] DEBUG: === property[mdquery_response_message_wait_time] = [30]
2026-01-23 09:52:26.944309 pid[72779] DEBUG: === property[playback_response_message_wait_time] = [30]
2026-01-23 09:52:26.944310 pid[72779] DEBUG: === property[thread_pool_init_size] = [50]
2026-01-23 09:52:26.944312 pid[72779] DEBUG: === property[thread_pool_max_size] = [100]
2026-01-23 09:52:26.944313 pid[72779] DEBUG: === property[max_fetch_message_count] = [10]
2026-01-23 09:52:26.944314 pid[72779] DEBUG: === property[playback_end_status_wait_payload_time] = [3]
2026-01-23 09:52:26.944316 pid[72779] DEBUG: === property[thread_sleep_time] = [0]
2026-01-23 09:52:26.944317 pid[72779] DEBUG: === property[traffic_check_gap] = [10000]
2026-01-23 09:52:26.944318 pid[72779] DEBUG: === property[traffic_check_time] = [10]
2026-01-23 09:52:26.944320 pid[72779] DEBUG: === property[nodata_check_gap] = [10000]
2026-01-23 09:52:26.944321 pid[72779] DEBUG: === property[heartbeat_trace] = [0]
2026-01-23 09:52:26.944322 pid[72779] DEBUG: === property[global_trace] = [1]
2026-01-23 09:52:26.944324 pid[72779] DEBUG: === property[compress_switch] = [1]
2026-01-23 09:52:26.944325 pid[72779] DEBUG: === property[response_callback] = [0]
2026-01-23 09:52:26.944326 pid[72779] DEBUG: === property[login_try_count] = [5]
2026-01-23 09:52:26.944327 pid[72779] DEBUG: === property[login_discovery_try_count] = [5]
2026-01-23 09:52:26.944329 pid[72779] DEBUG: === property[forbid_destruct] = [0]
2026-01-23 09:52:26.944330 pid[72779] DEBUG: === property[etime_reconnect] = [0]
2026-01-23 09:52:26.944331 pid[72779] DEBUG: === property[receiver_thread_cpu_id] = [-1]
2026-01-23 09:52:26.944333 pid[72779] DEBUG: === property[poller_thread_cpu_id] = [-1]
2026-01-23 09:52:26.944334 pid[72779] DEBUG: ========================================================
2026-01-23 09:52:42.253488 pid[72779] DEBUG: === work pool start....
2026-01-23 09:52:42.333175 pid[72779] DEBUG: Login 168.9.100.93 success!
2026-01-23 09:52:42.333192 pid[72779] DEBUG: -----------------------------
2026-01-23 09:52:42.333195 pid[72779] DEBUG: ------- OnLoginSuccess -------
2026-01-23 09:52:42.333198 pid[72779] DEBUG: -----------------------------
2026-01-23 09:52:42.337395 pid[72779] DEBUG: Subscribe channel size:18
2026-01-23 09:52:42.340026 pid[72779] DEBUG: New subscription: aeron:udp?endpoint=238.3.0.15:8436|interface=172.25.198.52, correlationId:2
2026-01-23 09:52:42.340079 pid[72779] DEBUG: Subscription XSHE-STOCKTYPE-MARKETTYPE-3, id:2 stream id:36 ,channel status ACTIVE
2026-01-23 09:52:42.344131 pid[72779] DEBUG: New subscription: aeron:udp?endpoint=238.3.0.25:8441|interface=172.25.198.52, correlationId:3
2026-01-23 09:52:42.344146 pid[72779] DEBUG: Subscription XSHE-STOCKTYPE-ORDERBOOKTYPE-3-1, id:3 stream id:41 ,channel status ACTIVE
2026-01-23 09:52:42.348232 pid[72779] DEBUG: New subscription: aeron:udp?endpoint=238.3.0.25:8442|interface=172.25.198.52, correlationId:4
2026-01-23 09:52:42.356389 pid[72779] DEBUG: Subscription XSHE-STOCKTYPE-ORDERBOOKTYPE-3-2, id:4 stream id:42 ,channel status ACTIVE
2026-01-23 09:52:42.374625 pid[72779] DEBUG: Available image correlationId = 5 sessionId = 374807638 at position = 3589839136  from 100.68.65.18:42987, SubscriptionRegistrationId = 3
2026-01-23 09:52:42.381230 pid[72779] DEBUG: Available image correlationId = 7 sessionId = 374807639 at position = 3935644032  from 100.68.65.18:51075, SubscriptionRegistrationId = 4
2026-01-23 09:52:42.381237 pid[72779] DEBUG: New subscription: aeron:udp?endpoint=238.3.0.25:8443|interface=172.25.198.52, correlationId:6
2026-01-23 09:52:42.381244 pid[72779] DEBUG: Subscription XSHE-STOCKTYPE-ORDERBOOKTYPE-3-3, id:6 stream id:43 ,channel status ACTIVE
2026-01-23 09:52:42.401007 pid[72779] DEBUG: Available image correlationId = 8 sessionId = -657497011 at position = 549069600  from 100.68.65.23:34348, SubscriptionRegistrationId = 2
2026-01-23 09:52:42.401012 pid[72779] DEBUG: New subscription: aeron:udp?endpoint=238.3.0.25:8444|interface=172.25.198.52, correlationId:9
2026-01-23 09:52:42.401021 pid[72779] DEBUG: Subscription XSHE-STOCKTYPE-ORDERBOOKTYPE-3-4, id:9 stream id:44 ,channel status ACTIVE
2026-01-23 09:52:42.411221 pid[72779] DEBUG: Available image correlationId = 10 sessionId = 374807640 at position = 3438850944  from 100.68.65.18:48220, SubscriptionRegistrationId = 6
2026-01-23 09:52:42.411231 pid[72779] DEBUG: New subscription: aeron:udp?endpoint=238.3.0.15:8430|interface=172.25.198.52, correlationId:11
2026-01-23 09:52:42.411238 pid[72779] DEBUG: Subscription XSHE-STOCKTYPE-TRANSACTIONTYPE-AND-ORDERTYPE-3-1, id:11 stream id:30 ,channel status ACTIVE
2026-01-23 09:52:42.421050 pid[72779] DEBUG: Available image correlationId = 12 sessionId = 374807641 at position = 6710504480  from 100.68.65.18:51133, SubscriptionRegistrationId = 9
2026-01-23 09:52:42.421055 pid[72779] DEBUG: New subscription: aeron:udp?endpoint=238.3.0.15:8431|interface=172.25.198.52, correlationId:13
2026-01-23 09:52:42.421061 pid[72779] DEBUG: Subscription XSHE-STOCKTYPE-TRANSACTIONTYPE-AND-ORDERTYPE-3-2, id:13 stream id:31 ,channel status ACTIVE
2026-01-23 09:52:42.431102 pid[72779] DEBUG: Available image correlationId = 14 sessionId = -657497010 at position = 1996923872  from 100.68.65.23:47778, SubscriptionRegistrationId = 11
2026-01-23 09:52:42.431106 pid[72779] DEBUG: New subscription: aeron:udp?endpoint=238.3.0.15:8432|interface=172.25.198.52, correlationId:15
2026-01-23 09:52:42.431112 pid[72779] DEBUG: Subscription XSHE-STOCKTYPE-TRANSACTIONTYPE-AND-ORDERTYPE-3-3, id:15 stream id:32 ,channel status ACTIVE
2026-01-23 09:52:42.441061 pid[72779] DEBUG: Available image correlationId = 16 sessionId = -657497009 at position = 2287899104  from 100.68.65.23:34564, SubscriptionRegistrationId = 13
2026-01-23 09:52:42.441065 pid[72779] DEBUG: New subscription: aeron:udp?endpoint=238.3.0.15:8433|interface=172.25.198.52, correlationId:17
2026-01-23 09:52:42.441071 pid[72779] DEBUG: Subscription XSHE-STOCKTYPE-TRANSACTIONTYPE-AND-ORDERTYPE-3-4, id:17 stream id:33 ,channel status ACTIVE
2026-01-23 09:52:42.450754 pid[72779] DEBUG: Available image correlationId = 18 sessionId = -657497008 at position = 1919435968  from 100.68.65.23:57117, SubscriptionRegistrationId = 15
2026-01-23 09:52:42.450758 pid[72779] DEBUG: New subscription: aeron:udp?endpoint=238.3.0.23:8419|interface=172.25.198.52, correlationId:19
2026-01-23 09:52:42.450790 pid[72779] DEBUG: Subscription XSHG-ORDERBOOKTYPE-3-1, id:19 stream id:19 ,channel status ACTIVE
2026-01-23 09:52:42.454858 pid[72779] DEBUG: Available image correlationId = 20 sessionId = -657497007 at position = 3849192096  from 100.68.65.23:53710, SubscriptionRegistrationId = 17
2026-01-23 09:52:42.454866 pid[72779] DEBUG: New subscription: aeron:udp?endpoint=238.3.0.23:8420|interface=172.25.198.52, correlationId:21
2026-01-23 09:52:42.454871 pid[72779] DEBUG: Subscription XSHG-ORDERBOOKTYPE-3-2, id:21 stream id:20 ,channel status ACTIVE
2026-01-23 09:52:42.458927 pid[72779] DEBUG: New subscription: aeron:udp?endpoint=238.3.0.23:8421|interface=172.25.198.52, correlationId:22
2026-01-23 09:52:42.458938 pid[72779] DEBUG: Subscription XSHG-ORDERBOOKTYPE-3-3, id:22 stream id:21 ,channel status ACTIVE
2026-01-23 09:52:42.474146 pid[72779] DEBUG: Available image correlationId = 23 sessionId = 374807642 at position = 1500960544  from 100.68.65.18:37371, SubscriptionRegistrationId = 19
2026-01-23 09:52:42.480293 pid[72779] DEBUG: Available image correlationId = 25 sessionId = 374807643 at position = 7962317408  from 100.68.65.18:36330, SubscriptionRegistrationId = 21
2026-01-23 09:52:42.480299 pid[72779] DEBUG: New subscription: aeron:udp?endpoint=238.3.0.23:8422|interface=172.25.198.52, correlationId:24
2026-01-23 09:52:42.480308 pid[72779] DEBUG: Subscription XSHG-ORDERBOOKTYPE-3-4, id:24 stream id:22 ,channel status ACTIVE
2026-01-23 09:52:42.499676 pid[72779] DEBUG: Available image correlationId = 26 sessionId = 374807644 at position = 5091939168  from 100.68.65.18:50131, SubscriptionRegistrationId = 22
2026-01-23 09:52:42.499686 pid[72779] DEBUG: New subscription: aeron:udp?endpoint=238.3.0.13:8414|interface=172.25.198.52, correlationId:27
2026-01-23 09:52:42.499693 pid[72779] DEBUG: Subscription XSHG-STOCKTYPE-MARKETTYPE-3, id:27 stream id:14 ,channel status ACTIVE
2026-01-23 09:52:42.503759 pid[72779] DEBUG: Available image correlationId = 28 sessionId = 374807645 at position = 2545165472  from 100.68.65.18:53634, SubscriptionRegistrationId = 24
2026-01-23 09:52:42.503763 pid[72779] DEBUG: New subscription: aeron:udp?endpoint=238.3.0.13:8410|interface=172.25.198.52, correlationId:29
2026-01-23 09:52:42.503767 pid[72779] DEBUG: Subscription XSHG-TRANSACTIONTYPE-AND-ORDERTYPE-3-1, id:29 stream id:10 ,channel status ACTIVE
2026-01-23 09:52:42.507819 pid[72779] DEBUG: New subscription: aeron:udp?endpoint=238.3.0.13:8411|interface=172.25.198.52, correlationId:30
2026-01-23 09:52:42.507825 pid[72779] DEBUG: Subscription XSHG-TRANSACTIONTYPE-AND-ORDERTYPE-3-2, id:30 stream id:11 ,channel status ACTIVE
2026-01-23 09:52:42.511875 pid[72779] DEBUG: New subscription: aeron:udp?endpoint=238.3.0.13:8412|interface=172.25.198.52, correlationId:31
2026-01-23 09:52:42.511880 pid[72779] DEBUG: Subscription XSHG-TRANSACTIONTYPE-AND-ORDERTYPE-3-3, id:31 stream id:12 ,channel status ACTIVE
2026-01-23 09:52:42.519999 pid[72779] DEBUG: Available image correlationId = 32 sessionId = -1735118732 at position = 1285174624  from 100.68.65.11:44553, SubscriptionRegistrationId = 31
2026-01-23 09:52:42.520003 pid[72779] DEBUG: New subscription: aeron:udp?endpoint=238.3.0.13:8413|interface=172.25.198.52, correlationId:33
2026-01-23 09:52:42.520010 pid[72779] DEBUG: Subscription XSHG-TRANSACTIONTYPE-AND-ORDERTYPE-3-4, id:33 stream id:13 ,channel status ACTIVE
2026-01-23 09:52:42.532787 pid[72779] DEBUG: Publication channel status:112,id=1
2026-01-23 09:52:42.532944 pid[72779] DEBUG: === heartbeat thread start....
2026-01-23 09:52:42.533112 pid[72779] DEBUG: === poll data thread start....
2026-01-23 09:52:42.553225 pid[72779] DEBUG: Available image correlationId = 36 sessionId = -1735118735 at position = 546776448  from 100.68.65.11:33625, SubscriptionRegistrationId = 27
2026-01-23 09:52:42.569594 pid[72779] DEBUG: Available image correlationId = 37 sessionId = -1735118733 at position = 1905563488  from 100.68.65.11:42774, SubscriptionRegistrationId = 30
2026-01-23 09:52:42.605735 pid[72779] DEBUG: Available image correlationId = 38 sessionId = -1735118734 at position = 369743008  from 100.68.65.11:48566, SubscriptionRegistrationId = 29
2026-01-23 09:52:42.609894 pid[72779] DEBUG: Available image correlationId = 39 sessionId = -1735118731 at position = 670255648  from 100.68.65.11:34412, SubscriptionRegistrationId = 33
2026-01-23 09:52:52.000097 pid[72779] DEBUG: === data poll thread tps[14757]
2026-01-23 09:52:52.000099 pid[72779] DEBUG: === work poll thread no[44] tps[1139], processed[11396] total[11396] queue size[1]
2026-01-23 09:52:52.000346 pid[72779] DEBUG: === work poll thread no[30] tps[1579], processed[15791] total[15791] queue size[1]
2026-01-23 09:52:52.000910 pid[72779] DEBUG: === work poll thread no[31] tps[1579], processed[15791] total[15791] queue size[1]
2026-01-23 09:52:52.001488 pid[72779] DEBUG: === work poll thread no[32] tps[1579], processed[15791] total[15791] queue size[1]
2026-01-23 09:52:52.002043 pid[72779] DEBUG: === work poll thread no[33] tps[1579], processed[15791] total[15791] queue size[1]
2026-01-23 09:52:52.002610 pid[72779] DEBUG: === work poll thread no[19] tps[360], processed[3606] total[3606] queue size[1]
2026-01-23 09:52:52.003232 pid[72779] DEBUG: === work poll thread no[20] tps[1289], processed[12897] total[12897] queue size[1]
2026-01-23 09:52:52.004217 pid[72779] DEBUG: === work poll thread no[21] tps[937], processed[9374] total[9374] queue size[1]
2026-01-23 09:52:52.005328 pid[72779] DEBUG: === work poll thread no[22] tps[532], processed[5327] total[5327] queue size[1]
2026-01-23 09:52:52.006319 pid[72779] DEBUG: === work poll thread no[14] tps[446], processed[4464] total[4464] queue size[1]
2026-01-23 09:52:52.006336 pid[72779] DEBUG: === work poll thread no[10] tps[98], processed[980] total[980] queue size[1]
2026-01-23 09:52:52.006357 pid[72779] DEBUG: === work poll thread no[11] tps[435], processed[4356] total[4356] queue size[1]
2026-01-23 09:52:52.006385 pid[72779] DEBUG: === work poll thread no[12] tps[273], processed[2736] total[2736] queue size[1]
2026-01-23 09:52:52.006418 pid[72779] DEBUG: === work poll thread no[13] tps[139], processed[1394] total[1394] queue size[1]
2026-01-23 09:52:52.006510 pid[72779] DEBUG: === work poll thread no[36] tps[872], processed[8726] total[8726] queue size[1]
2026-01-23 09:52:52.007367 pid[72779] DEBUG: === work poll thread no[41] tps[625], processed[6259] total[6259] queue size[1]
2026-01-23 09:52:52.008451 pid[72779] DEBUG: === work poll thread no[42] tps[680], processed[6801] total[6801] queue size[1]
2026-01-23 09:52:52.009539 pid[72779] DEBUG: === work poll thread no[43] tps[611], processed[6111] total[6111] queue size[1]
2026-01-23 09:53:01.227780 pid[72779] WARNING: Unavailable image correlationId = 20 sessionId = -657497007 at position = 3857578240, SubscriptionRegistrationId = 17
2026-01-23 09:53:01.227831 pid[72779] DEBUG: ------- PARSE message OnGeneralError:Unavailable image, SubscriptionRegistrationId = 17 sessionId = -657497007
2026-01-23 09:53:02.000396 pid[72779] DEBUG: === data poll thread tps[43171]
2026-01-23 09:53:02.000424 pid[72779] DEBUG: === work poll thread no[19] tps[422], processed[4226] total[7831] queue size[1]
2026-01-23 09:53:02.000450 pid[72779] DEBUG: === work poll thread no[21] tps[1362], processed[13623] total[22996] queue size[1]
2026-01-23 09:53:02.000462 pid[72779] DEBUG: === work poll thread no[22] tps[604], processed[6047] total[11373] queue size[1]
2026-01-23 09:53:02.001744 pid[72779] DEBUG: === work poll thread no[14] tps[472], processed[4723] total[9186] queue size[1]
2026-01-23 09:53:02.003133 pid[72779] DEBUG: === work poll thread no[44] tps[1509], processed[15098] total[26493] queue size[1]
2026-01-23 09:53:02.009661 pid[72779] DEBUG: === work poll thread no[32] tps[9421], processed[94216] total[110006] queue size[1]
2026-01-23 09:53:02.009661 pid[72779] DEBUG: === work poll thread no[30] tps[9484], processed[94845] total[110635] queue size[1]
2026-01-23 09:53:02.009730 pid[72779] DEBUG: === work poll thread no[31] tps[11010], processed[110101] total[125891] queue size[1]
2026-01-23 09:53:02.011188 pid[72779] DEBUG: === work poll thread no[43] tps[670], processed[6701] total[12811] queue size[1]
2026-01-23 09:53:02.012562 pid[72779] DEBUG: === work poll thread no[42] tps[764], processed[7647] total[14447] queue size[1]
2026-01-23 09:53:02.012951 pid[72779] DEBUG: === work poll thread no[41] tps[656], processed[6565] total[12823] queue size[1]
2026-01-23 09:53:02.048801 pid[72779] DEBUG: === work poll thread no[11] tps[496], processed[4966] total[9321] queue size[1]
2026-01-23 09:53:02.213244 pid[72779] DEBUG: === work poll thread no[12] tps[323], processed[3232] total[5967] queue size[1]
2026-01-23 09:53:02.217982 pid[72779] DEBUG: === work poll thread no[13] tps[160], processed[1604] total[2997] queue size[1]
2026-01-23 09:53:02.221564 pid[72779] DEBUG: === work poll thread no[10] tps[116], processed[1167] total[2146] queue size[1]
2026-01-23 09:53:03.161506 pid[72779] DEBUG: === work poll thread no[36] tps[996], processed[9961] total[18686] queue size[1]
2026-01-23 09:53:03.225570 pid[72779] WARNING: Unavailable image correlationId = 25 sessionId = 374807643 at position = 8004500736, SubscriptionRegistrationId = 21
2026-01-23 09:53:03.225587 pid[72779] DEBUG: ------- PARSE message OnGeneralError:Unavailable image, SubscriptionRegistrationId = 21 sessionId = 374807643
2026-01-23 09:53:12.002330 pid[72779] DEBUG: === data poll thread tps[26038]
2026-01-23 09:53:12.002383 pid[72779] DEBUG: === work poll thread no[19] tps[429], processed[4298] total[12128] queue size[1]
2026-01-23 09:53:12.002516 pid[72779] DEBUG: === work poll thread no[21] tps[1231], processed[12318] total[35313] queue size[1]
2026-01-23 09:53:12.003519 pid[72779] DEBUG: === work poll thread no[43] tps[662], processed[6629] total[19439] queue size[1]
2026-01-23 09:53:12.003542 pid[72779] DEBUG: === work poll thread no[22] tps[637], processed[6376] total[17748] queue size[1]
2026-01-23 09:53:12.007326 pid[72779] DEBUG: === work poll thread no[30] tps[5802], processed[58022] total[168656] queue size[1]
2026-01-23 09:53:12.007799 pid[72779] DEBUG: === work poll thread no[31] tps[6421], processed[64218] total[190108] queue size[3]
2026-01-23 09:53:12.007808 pid[72779] DEBUG: === work poll thread no[32] tps[5634], processed[56341] total[166346] queue size[3]
2026-01-23 09:53:12.007824 pid[72779] DEBUG: === work poll thread no[42] tps[742], processed[7422] total[21868] queue size[1]
2026-01-23 09:53:12.009588 pid[72779] DEBUG: === work poll thread no[41] tps[684], processed[6846] total[19668] queue size[1]
2026-01-23 09:53:12.010154 pid[72779] DEBUG: === work poll thread no[44] tps[1368], processed[13681] total[40173] queue size[1]
2026-01-23 09:53:12.047215 pid[72779] DEBUG: === work poll thread no[14] tps[481], processed[4814] total[13999] queue size[1]
2026-01-23 09:53:12.051857 pid[72779] DEBUG: === work poll thread no[11] tps[521], processed[5219] total[14539] queue size[1]
2026-01-23 09:53:12.211410 pid[72779] DEBUG: === work poll thread no[12] tps[319], processed[3194] total[9160] queue size[1]
2026-01-23 09:53:12.213951 pid[72779] DEBUG: === work poll thread no[13] tps[165], processed[1659] total[4655] queue size[1]
2026-01-23 09:53:12.219598 pid[72779] DEBUG: === work poll thread no[10] tps[114], processed[1149] total[3294] queue size[1]
2026-01-23 09:53:13.214437 pid[72779] DEBUG: === work poll thread no[36] tps[965], processed[9655] total[28340] queue size[1]
2026-01-23 09:53:22.000076 pid[72779] DEBUG: === work poll thread no[32] tps[5254], processed[52541] total[218886] queue size[1]
2026-01-23 09:53:22.000095 pid[72779] DEBUG: === data poll thread tps[24317]
2026-01-23 09:53:22.000292 pid[72779] DEBUG: === work poll thread no[19] tps[388], processed[3887] total[16014] queue size[1]
2026-01-23 09:53:22.000304 pid[72779] DEBUG: === work poll thread no[21] tps[1135], processed[11354] total[46666] queue size[1]
2026-01-23 09:53:22.000317 pid[72779] DEBUG: === work poll thread no[22] tps[588], processed[5887] total[23634] queue size[1]
2026-01-23 09:53:22.000322 pid[72779] DEBUG: === work poll thread no[12] tps[293], processed[2931] total[12090] queue size[1]
2026-01-23 09:53:22.000336 pid[72779] DEBUG: === work poll thread no[41] tps[632], processed[6325] total[25992] queue size[1]
2026-01-23 09:53:22.000358 pid[72779] DEBUG: === work poll thread no[43] tps[631], processed[6316] total[25754] queue size[1]
2026-01-23 09:53:22.000372 pid[72779] DEBUG: === work poll thread no[44] tps[1305], processed[13053] total[53225] queue size[1]
2026-01-23 09:53:22.000352 pid[72779] DEBUG: === work poll thread no[42] tps[714], processed[7140] total[29007] queue size[1]
2026-01-23 09:53:22.000484 pid[72779] DEBUG: === work poll thread no[30] tps[5242], processed[52420] total[221075] queue size[1]
2026-01-23 09:53:22.001106 pid[72779] DEBUG: === work poll thread no[31] tps[5949], processed[59498] total[249605] queue size[1]
2026-01-23 09:53:22.038954 pid[72779] DEBUG: === work poll thread no[14] tps[466], processed[4660] total[18658] queue size[2]
2026-01-23 09:53:22.046524 pid[72779] DEBUG: === work poll thread no[11] tps[499], processed[4993] total[19531] queue size[1]
2026-01-23 09:53:22.214664 pid[72779] DEBUG: === work poll thread no[13] tps[154], processed[1546] total[6200] queue size[2]
2026-01-23 09:53:22.220220 pid[72779] DEBUG: === work poll thread no[10] tps[106], processed[1062] total[4355] queue size[1]
2026-01-23 09:53:24.159579 pid[72779] DEBUG: === work poll thread no[36] tps[943], processed[9430] total[37769] queue size[1]
2026-01-23 09:53:32.000107 pid[72779] DEBUG: === data poll thread tps[24625]
2026-01-23 09:53:32.000197 pid[72779] DEBUG: === work poll thread no[44] tps[1295], processed[12954] total[66178] queue size[1]
2026-01-23 09:53:32.000561 pid[72779] DEBUG: === work poll thread no[30] tps[5247], processed[52473] total[273547] queue size[1]
2026-01-23 09:53:32.000624 pid[72779] DEBUG: === work poll thread no[31] tps[6032], processed[60320] total[309924] queue size[1]
2026-01-23 09:53:32.000859 pid[72779] DEBUG: === work poll thread no[21] tps[1134], processed[11346] total[58011] queue size[1]
2026-01-23 09:53:32.000853 pid[72779] DEBUG: === work poll thread no[32] tps[5574], processed[55744] total[274629] queue size[1]
2026-01-23 09:53:32.000883 pid[72779] DEBUG: === work poll thread no[22] tps[573], processed[5736] total[29369] queue size[1]
2026-01-23 09:53:32.001598 pid[72779] DEBUG: === work poll thread no[42] tps[681], processed[6817] total[35823] queue size[1]
2026-01-23 09:53:32.001586 pid[72779] DEBUG: === work poll thread no[19] tps[385], processed[3856] total[19869] queue size[1]
2026-01-23 09:53:32.002034 pid[72779] DEBUG: === work poll thread no[43] tps[638], processed[6381] total[32134] queue size[1]
2026-01-23 09:53:32.002568 pid[72779] DEBUG: === work poll thread no[41] tps[614], processed[6146] total[32137] queue size[1]
2026-01-23 09:53:32.008242 pid[72779] DEBUG: === work poll thread no[14] tps[461], processed[4616] total[23273] queue size[1]
2026-01-23 09:53:32.048710 pid[72779] DEBUG: === work poll thread no[11] tps[492], processed[4929] total[24459] queue size[1]
2026-01-23 09:53:32.208847 pid[72779] DEBUG: === work poll thread no[12] tps[294], processed[2940] total[15029] queue size[1]
2026-01-23 09:53:32.213444 pid[72779] DEBUG: === work poll thread no[13] tps[150], processed[1504] total[7703] queue size[1]
2026-01-23 09:53:32.214192 pid[72779] DEBUG: === work poll thread no[10] tps[106], processed[1062] total[5416] queue size[1]
2026-01-23 09:53:34.200752 pid[72779] DEBUG: === work poll thread no[36] tps[958], processed[9580] total[47348] queue size[1]
2026-01-23 09:53:37.536916 pid[72779] DEBUG: ------- PARSE message OnGeneralError:XSHG-ORDERBOOKTYPE-3-2 in 43s no data available
2026-01-23 09:53:42.001180 pid[72779] DEBUG: === data poll thread tps[22363]
2026-01-23 09:53:42.001210 pid[72779] DEBUG: === work poll thread no[21] tps[977], processed[9771] total[67781] queue size[1]
2026-01-23 09:53:42.001229 pid[72779] DEBUG: === work poll thread no[22] tps[522], processed[5222] total[34590] queue size[1]
2026-01-23 09:53:42.002790 pid[72779] DEBUG: === work poll thread no[42] tps[631], processed[6314] total[42136] queue size[1]
2026-01-23 09:53:42.002806 pid[72779] DEBUG: === work poll thread no[44] tps[1192], processed[11921] total[78098] queue size[1]
2026-01-23 09:53:42.012821 pid[72779] DEBUG: === work poll thread no[41] tps[583], processed[5833] total[37969] queue size[1]
2026-01-23 09:53:42.012838 pid[72779] DEBUG: === work poll thread no[31] tps[5340], processed[53400] total[363323] queue size[1]
2026-01-23 09:53:42.012833 pid[72779] DEBUG: === work poll thread no[30] tps[4865], processed[48659] total[322205] queue size[1]
2026-01-23 09:53:42.012920 pid[72779] DEBUG: === work poll thread no[32] tps[5080], processed[50805] total[325433] queue size[1]
2026-01-23 09:53:42.013704 pid[72779] DEBUG: === work poll thread no[43] tps[589], processed[5899] total[38032] queue size[1]
2026-01-23 09:53:42.018783 pid[72779] DEBUG: === work poll thread no[14] tps[456], processed[4560] total[27832] queue size[1]
2026-01-23 09:53:42.045548 pid[72779] DEBUG: === work poll thread no[11] tps[462], processed[4621] total[29079] queue size[1]
2026-01-23 09:53:42.209582 pid[72779] DEBUG: === work poll thread no[12] tps[255], processed[2552] total[17580] queue size[1]
2026-01-23 09:53:42.213163 pid[72779] DEBUG: === work poll thread no[13] tps[135], processed[1358] total[9060] queue size[1]
2026-01-23 09:53:42.217282 pid[72779] DEBUG: === work poll thread no[10] tps[98], processed[985] total[6400] queue size[1]
2026-01-23 09:53:42.219232 pid[72779] DEBUG: === work poll thread no[19] tps[360], processed[3606] total[23474] queue size[1]
2026-01-23 09:53:45.156995 pid[72779] DEBUG: === work poll thread no[36] tps[943], processed[9437] total[56784] queue size[1]
2026-01-23 09:53:48.537670 pid[72779] DEBUG: ------- PARSE message OnGeneralError:XSHG-ORDERBOOKTYPE-3-2 in 54s no data available
2026-01-23 09:53:48.537686 pid[72779] DEBUG: ------- PARSE message OnGeneralError:XSHE-STOCKTYPE-TRANSACTIONTYPE-AND-ORDERTYPE-3-4 in 47s no data available
2026-01-23 09:53:52.000126 pid[72779] DEBUG: === data poll thread tps[23454]
2026-01-23 09:53:52.000159 pid[72779] DEBUG: === work poll thread no[30] tps[5325], processed[53257] total[375461] queue size[1]
2026-01-23 09:53:52.000167 pid[72779] DEBUG: === work poll thread no[31] tps[5838], processed[58385] total[421707] queue size[1]
2026-01-23 09:53:52.000178 pid[72779] DEBUG: === work poll thread no[32] tps[5423], processed[54232] total[379664] queue size[2]
2026-01-23 09:53:52.009320 pid[72779] DEBUG: === work poll thread no[14] tps[461], processed[4617] total[32448] queue size[1]
2026-01-23 09:53:52.019766 pid[72779] DEBUG: === work poll thread no[11] tps[457], processed[4573] total[33651] queue size[1]
2026-01-23 09:53:52.023258 pid[72779] DEBUG: === work poll thread no[43] tps[562], processed[5628] total[43659] queue size[1]
2026-01-23 09:53:52.023266 pid[72779] DEBUG: === work poll thread no[22] tps[451], processed[4514] total[39103] queue size[1]
2026-01-23 09:53:52.023269 pid[72779] DEBUG: === work poll thread no[19] tps[315], processed[3157] total[26630] queue size[1]
2026-01-23 09:53:52.023260 pid[72779] DEBUG: === work poll thread no[44] tps[1104], processed[11045] total[89142] queue size[1]
2026-01-23 09:53:52.024826 pid[72779] DEBUG: === work poll thread no[42] tps[604], processed[6049] total[48184] queue size[1]
2026-01-23 09:53:52.024831 pid[72779] DEBUG: === work poll thread no[21] tps[904], processed[9047] total[76827] queue size[1]
2026-01-23 09:53:52.030575 pid[72779] DEBUG: === work poll thread no[41] tps[557], processed[5574] total[43542] queue size[1]
2026-01-23 09:53:52.210649 pid[72779] DEBUG: === work poll thread no[12] tps[264], processed[2644] total[20223] queue size[1]
2026-01-23 09:53:52.212683 pid[72779] DEBUG: === work poll thread no[13] tps[133], processed[1330] total[10389] queue size[1]
2026-01-23 09:53:52.215568 pid[72779] DEBUG: === work poll thread no[10] tps[95], processed[959] total[7358] queue size[1]
2026-01-23 09:53:55.183922 pid[72779] DEBUG: === work poll thread no[36] tps[954], processed[9548] total[66331] queue size[1]
2026-01-23 09:53:59.538433 pid[72779] DEBUG: ------- PARSE message OnGeneralError:XSHG-ORDERBOOKTYPE-3-2 in 65s no data available
2026-01-23 09:53:59.538462 pid[72779] DEBUG: ------- PARSE message OnGeneralError:XSHE-STOCKTYPE-TRANSACTIONTYPE-AND-ORDERTYPE-3-4 in 58s no data available
2026-01-23 09:54:02.002168 pid[72779] DEBUG: === data poll thread tps[26950]
2026-01-23 09:54:02.002198 pid[72779] DEBUG: === work poll thread no[30] tps[6275], processed[62757] total[438217] queue size[1]
2026-01-23 09:54:02.002206 pid[72779] DEBUG: === work poll thread no[31] tps[6562], processed[65623] total[487329] queue size[1]
2026-01-23 09:54:02.002218 pid[72779] DEBUG: === work poll thread no[32] tps[5934], processed[59348] total[439011] queue size[4]
2026-01-23 09:54:02.023244 pid[72779] DEBUG: === work poll thread no[12] tps[305], processed[3059] total[23281] queue size[1]
2026-01-23 09:54:02.024122 pid[72779] DEBUG: === work poll thread no[14] tps[466], processed[4668] total[37115] queue size[1]
2026-01-23 09:54:02.047300 pid[72779] DEBUG: === work poll thread no[11] tps[530], processed[5309] total[38959] queue size[1]
2026-01-23 09:54:02.214699 pid[72779] DEBUG: === work poll thread no[13] tps[151], processed[1518] total[11906] queue size[1]
2026-01-23 09:54:02.218825 pid[72779] DEBUG: === work poll thread no[10] tps[118], processed[1182] total[8539] queue size[1]
2026-01-23 09:54:02.386352 pid[72779] DEBUG: === work poll thread no[42] tps[735], processed[7353] total[55536] queue size[1]
2026-01-23 09:54:02.386358 pid[72779] DEBUG: === work poll thread no[44] tps[1396], processed[13963] total[103104] queue size[1]
2026-01-23 09:54:02.386354 pid[72779] DEBUG: === work poll thread no[41] tps[709], processed[7097] total[50638] queue size[1]
2026-01-23 09:54:02.386356 pid[72779] DEBUG: === work poll thread no[43] tps[668], processed[6686] total[50344] queue size[1]
2026-01-23 09:54:02.386413 pid[72779] DEBUG: === work poll thread no[22] tps[572], processed[5724] total[44826] queue size[1]
2026-01-23 09:54:02.386403 pid[72779] DEBUG: === work poll thread no[19] tps[430], processed[4307] total[30936] queue size[1]
2026-01-23 09:54:02.386405 pid[72779] DEBUG: === work poll thread no[21] tps[1144], processed[11443] total[88269] queue size[1]
2026-01-23 09:54:06.157866 pid[72779] DEBUG: === work poll thread no[36] tps[950], processed[9500] total[75830] queue size[1]
2026-01-23 09:54:10.539118 pid[72779] DEBUG: ------- PARSE message OnGeneralError:XSHG-ORDERBOOKTYPE-3-2 in 76s no data available
2026-01-23 09:54:10.539140 pid[72779] DEBUG: ------- PARSE message OnGeneralError:XSHE-STOCKTYPE-TRANSACTIONTYPE-AND-ORDERTYPE-3-4 in 69s no data available
2026-01-23 09:54:12.000019 pid[72779] DEBUG: === work poll thread no[21] tps[1462], processed[14629] total[102897] queue size[4]
2026-01-23 09:54:12.000113 pid[72779] DEBUG: === data poll thread tps[29417]
2026-01-23 09:54:12.000146 pid[72779] DEBUG: === work poll thread no[44] tps[1547], processed[15478] total[118581] queue size[1]
2026-01-23 09:54:12.000149 pid[72779] DEBUG: === work poll thread no[19] tps[473], processed[4739] total[35674] queue size[1]
2026-01-23 09:54:12.000347 pid[72779] DEBUG: === work poll thread no[22] tps[722], processed[7229] total[52054] queue size[1]
2026-01-23 09:54:12.000497 pid[72779] DEBUG: === work poll thread no[30] tps[6933], processed[69337] total[507553] queue size[2]
2026-01-23 09:54:12.000505 pid[72779] DEBUG: === work poll thread no[32] tps[6195], processed[61956] total[500966] queue size[1]
2026-01-23 09:54:12.000621 pid[72779] DEBUG: === work poll thread no[42] tps[846], processed[8464] total[63999] queue size[1]
2026-01-23 09:54:12.001004 pid[72779] DEBUG: === work poll thread no[41] tps[801], processed[8016] total[58653] queue size[1]
2026-01-23 09:54:12.001220 pid[72779] DEBUG: === work poll thread no[31] tps[7128], processed[71284] total[558612] queue size[1]
2026-01-23 09:54:12.005681 pid[72779] DEBUG: === work poll thread no[43] tps[756], processed[7565] total[57908] queue size[1]
2026-01-23 09:54:12.022706 pid[72779] DEBUG: === work poll thread no[14] tps[485], processed[4858] total[41972] queue size[1]
2026-01-23 09:54:12.056949 pid[72779] DEBUG: === work poll thread no[11] tps[604], processed[6045] total[45003] queue size[1]
2026-01-23 09:54:12.210635 pid[72779] DEBUG: === work poll thread no[12] tps[343], processed[3434] total[26714] queue size[1]
2026-01-23 09:54:12.217721 pid[72779] DEBUG: === work poll thread no[13] tps[171], processed[1714] total[13619] queue size[1]
2026-01-23 09:54:12.220915 pid[72779] DEBUG: === work poll thread no[10] tps[118], processed[1187] total[9725] queue size[1]
2026-01-23 09:54:16.213008 pid[72779] DEBUG: === work poll thread no[36] tps[968], processed[9684] total[85513] queue size[1]
2026-01-23 09:54:21.539893 pid[72779] DEBUG: ------- PARSE message OnGeneralError:XSHG-ORDERBOOKTYPE-3-2 in 87s no data available
2026-01-23 09:54:21.539919 pid[72779] DEBUG: ------- PARSE message OnGeneralError:XSHE-STOCKTYPE-TRANSACTIONTYPE-AND-ORDERTYPE-3-4 in 80s no data available
2026-01-23 09:54:22.000502 pid[72779] DEBUG: === data poll thread tps[25432]
2026-01-23 09:54:22.000524 pid[72779] DEBUG: === work poll thread no[30] tps[6023], processed[60235] total[567787] queue size[8]
2026-01-23 09:54:22.000524 pid[72779] DEBUG: === work poll thread no[31] tps[6198], processed[61985] total[620596] queue size[2]
2026-01-23 09:54:22.000539 pid[72779] DEBUG: === work poll thread no[21] tps[1139], processed[11397] total[114293] queue size[1]
2026-01-23 09:54:22.000533 pid[72779] DEBUG: === work poll thread no[32] tps[5310], processed[53103] total[554068] queue size[1]
2026-01-23 09:54:22.000923 pid[72779] DEBUG: === work poll thread no[22] tps[545], processed[5459] total[57512] queue size[1]
2026-01-23 09:54:22.001977 pid[72779] DEBUG: === work poll thread no[43] tps[622], processed[6224] total[64131] queue size[1]
2026-01-23 09:54:22.002756 pid[72779] DEBUG: === work poll thread no[19] tps[400], processed[4005] total[39678] queue size[1]
2026-01-23 09:54:22.004177 pid[72779] DEBUG: === work poll thread no[41] tps[674], processed[6745] total[65397] queue size[1]
2026-01-23 09:54:22.005722 pid[72779] DEBUG: === work poll thread no[44] tps[1310], processed[13103] total[131683] queue size[1]
2026-01-23 09:54:22.006659 pid[72779] DEBUG: === work poll thread no[42] tps[713], processed[7131] total[71129] queue size[1]
2026-01-23 09:54:22.022229 pid[72779] DEBUG: === work poll thread no[14] tps[477], processed[4779] total[46750] queue size[1]
2026-01-23 09:54:22.053370 pid[72779] DEBUG: === work poll thread no[11] tps[505], processed[5052] total[50054] queue size[2]
2026-01-23 09:54:22.210032 pid[72779] DEBUG: === work poll thread no[12] tps[294], processed[2947] total[29660] queue size[1]
2026-01-23 09:54:22.214071 pid[72779] DEBUG: === work poll thread no[13] tps[143], processed[1433] total[15051] queue size[1]
2026-01-23 09:54:22.217554 pid[72779] DEBUG: === work poll thread no[10] tps[108], processed[1085] total[10809] queue size[1]
2026-01-23 09:54:27.157677 pid[72779] DEBUG: === work poll thread no[36] tps[956], processed[9568] total[95080] queue size[1]
2026-01-23 09:54:32.000195 pid[72779] DEBUG: === data poll thread tps[24870]
2026-01-23 09:54:32.000233 pid[72779] DEBUG: === work poll thread no[30] tps[5609], processed[56099] total[623885] queue size[1]
2026-01-23 09:54:32.000297 pid[72779] DEBUG: === work poll thread no[31] tps[6163], processed[61633] total[682228] queue size[1]
2026-01-23 09:54:32.000534 pid[72779] DEBUG: === work poll thread no[32] tps[5414], processed[54147] total[608214] queue size[1]
2026-01-23 09:54:32.000541 pid[72779] DEBUG: === work poll thread no[43] tps[646], processed[6469] total[70599] queue size[1]
2026-01-23 09:54:32.000853 pid[72779] DEBUG: === work poll thread no[41] tps[656], processed[6562] total[71958] queue size[1]
2026-01-23 09:54:32.001099 pid[72779] DEBUG: === work poll thread no[22] tps[535], processed[5354] total[62865] queue size[1]
2026-01-23 09:54:32.001681 pid[72779] DEBUG: === work poll thread no[21] tps[1031], processed[10316] total[124608] queue size[1]
2026-01-23 09:54:32.002365 pid[72779] DEBUG: === work poll thread no[42] tps[698], processed[6987] total[78115] queue size[1]
2026-01-23 09:54:32.002718 pid[72779] DEBUG: === work poll thread no[44] tps[1319], processed[13196] total[144878] queue size[1]
2026-01-23 09:54:32.003656 pid[72779] DEBUG: === work poll thread no[19] tps[375], processed[3753] total[43430] queue size[1]
2026-01-23 09:54:32.008798 pid[72779] DEBUG: === work poll thread no[14] tps[461], processed[4613] total[51362] queue size[1]
2026-01-23 09:54:32.051684 pid[72779] DEBUG: === work poll thread no[11] tps[490], processed[4903] total[54956] queue size[1]
2026-01-23 09:54:32.211279 pid[72779] DEBUG: === work poll thread no[12] tps[270], processed[2700] total[32359] queue size[1]
2026-01-23 09:54:32.217234 pid[72779] DEBUG: === work poll thread no[13] tps[138], processed[1384] total[16434] queue size[1]
2026-01-23 09:54:32.219868 pid[72779] DEBUG: === work poll thread no[10] tps[103], processed[1036] total[11844] queue size[2]
2026-01-23 09:54:32.540648 pid[72779] DEBUG: ------- PARSE message OnGeneralError:XSHG-ORDERBOOKTYPE-3-2 in 98s no data available
2026-01-23 09:54:32.540661 pid[72779] DEBUG: ------- PARSE message OnGeneralError:XSHE-STOCKTYPE-TRANSACTIONTYPE-AND-ORDERTYPE-3-4 in 91s no data available
2026-01-23 09:54:37.228605 pid[72779] DEBUG: === work poll thread no[36] tps[968], processed[9684] total[104763] queue size[1]
2026-01-23 09:54:42.000236 pid[72779] DEBUG: === data poll thread tps[24040]
2026-01-23 09:54:42.000269 pid[72779] DEBUG: === work poll thread no[21] tps[1096], processed[10961] total[135568] queue size[1]
2026-01-23 09:54:42.001896 pid[72779] DEBUG: === work poll thread no[42] tps[685], processed[6854] total[84968] queue size[1]
2026-01-23 09:54:42.001956 pid[72779] DEBUG: === work poll thread no[44] tps[1262], processed[12622] total[157499] queue size[1]
2026-01-23 09:54:42.002075 pid[72779] DEBUG: === work poll thread no[19] tps[378], processed[3785] total[47214] queue size[1]
2026-01-23 09:54:42.007337 pid[72779] DEBUG: === work poll thread no[43] tps[605], processed[6050] total[76648] queue size[1]
2026-01-23 09:54:42.007516 pid[72779] DEBUG: === work poll thread no[30] tps[5589], processed[55890] total[679774] queue size[1]
2026-01-23 09:54:42.007522 pid[72779] DEBUG: === work poll thread no[31] tps[5898], processed[58980] total[741207] queue size[1]
2026-01-23 09:54:42.007535 pid[72779] DEBUG: === work poll thread no[32] tps[5062], processed[50621] total[658834] queue size[1]
2026-01-23 09:54:42.007910 pid[72779] DEBUG: === work poll thread no[41] tps[648], processed[6480] total[78437] queue size[1]
2026-01-23 09:54:42.012628 pid[72779] DEBUG: === work poll thread no[11] tps[488], processed[4882] total[59837] queue size[1]
2026-01-23 09:54:42.025784 pid[72779] DEBUG: === work poll thread no[14] tps[457], processed[4579] total[55940] queue size[1]
2026-01-23 09:54:42.208027 pid[72779] DEBUG: === work poll thread no[12] tps[284], processed[2847] total[35205] queue size[1]
2026-01-23 09:54:42.209985 pid[72779] DEBUG: === work poll thread no[13] tps[136], processed[1360] total[17793] queue size[1]
2026-01-23 09:54:42.212686 pid[72779] DEBUG: === work poll thread no[22] tps[521], processed[5216] total[68080] queue size[1]
2026-01-23 09:54:42.215304 pid[72779] DEBUG: === work poll thread no[10] tps[104], processed[1042] total[12885] queue size[2]
2026-01-23 09:54:43.541402 pid[72779] DEBUG: ------- PARSE message OnGeneralError:XSHG-ORDERBOOKTYPE-3-2 in 109s no data available
2026-01-23 09:54:43.541417 pid[72779] DEBUG: ------- PARSE message OnGeneralError:XSHE-STOCKTYPE-TRANSACTIONTYPE-AND-ORDERTYPE-3-4 in 102s no data available
2026-01-23 09:54:48.157633 pid[72779] DEBUG: === work poll thread no[36] tps[950], processed[9502] total[114264] queue size[1]
2026-01-23 09:54:52.001134 pid[72779] DEBUG: === data poll thread tps[23662]
2026-01-23 09:54:52.001170 pid[72779] DEBUG: === work poll thread no[41] tps[640], processed[6405] total[84841] queue size[1]
2026-01-23 09:54:52.001230 pid[72779] DEBUG: === work poll thread no[44] tps[1204], processed[12048] total[169546] queue size[1]
2026-01-23 09:54:52.001454 pid[72779] DEBUG: === work poll thread no[19] tps[375], processed[3750] total[50963] queue size[1]
2026-01-23 09:54:52.001463 pid[72779] DEBUG: === work poll thread no[21] tps[1080], processed[10806] total[146373] queue size[1]
2026-01-23 09:54:52.001471 pid[72779] DEBUG: === work poll thread no[22] tps[521], processed[5215] total[73294] queue size[1]
2026-01-23 09:54:52.001477 pid[72779] DEBUG: === work poll thread no[12] tps[282], processed[2824] total[38028] queue size[1]
2026-01-23 09:54:52.002860 pid[72779] DEBUG: === work poll thread no[10] tps[104], processed[1040] total[13924] queue size[1]
2026-01-23 09:54:52.005565 pid[72779] DEBUG: === work poll thread no[43] tps[609], processed[6095] total[82742] queue size[1]
2026-01-23 09:54:52.008518 pid[72779] DEBUG: === work poll thread no[32] tps[5104], processed[51045] total[709878] queue size[1]
2026-01-23 09:54:52.008511 pid[72779] DEBUG: === work poll thread no[30] tps[5431], processed[54316] total[734089] queue size[2]
2026-01-23 09:54:52.008512 pid[72779] DEBUG: === work poll thread no[31] tps[5584], processed[55846] total[797052] queue size[5]
2026-01-23 09:54:52.012996 pid[72779] DEBUG: === work poll thread no[42] tps[668], processed[6686] total[91653] queue size[1]
2026-01-23 09:54:52.020816 pid[72779] DEBUG: === work poll thread no[14] tps[466], processed[4668] total[60607] queue size[1]
2026-01-23 09:54:52.046419 pid[72779] DEBUG: === work poll thread no[11] tps[492], processed[4924] total[64760] queue size[1]
2026-01-23 09:54:52.213870 pid[72779] DEBUG: === work poll thread no[13] tps[137], processed[1374] total[19166] queue size[1]
2026-01-23 09:54:54.542148 pid[72779] DEBUG: ------- PARSE message OnGeneralError:XSHG-ORDERBOOKTYPE-3-2 in 120s no data available
2026-01-23 09:54:54.542162 pid[72779] DEBUG: ------- PARSE message OnGeneralError:XSHE-STOCKTYPE-TRANSACTIONTYPE-AND-ORDERTYPE-3-4 in 113s no data available
2026-01-23 09:54:58.198698 pid[72779] DEBUG: === work poll thread no[36] tps[957], processed[9570] total[123833] queue size[1]
2026-01-23 09:55:02.000041 pid[72779] DEBUG: === work poll thread no[21] tps[1010], processed[10108] total[156480] queue size[1]
2026-01-23 09:55:02.000043 pid[72779] DEBUG: === data poll thread tps[24418]
2026-01-23 09:55:02.000252 pid[72779] DEBUG: === work poll thread no[42] tps[655], processed[6556] total[98208] queue size[1]
2026-01-23 09:55:02.000275 pid[72779] DEBUG: === work poll thread no[19] tps[344], processed[3441] total[54403] queue size[1]
2026-01-23 09:55:02.004252 pid[72779] DEBUG: === work poll thread no[30] tps[5973], processed[59732] total[793820] queue size[1]
2026-01-23 09:55:02.004260 pid[72779] DEBUG: === work poll thread no[31] tps[6131], processed[61313] total[858364] queue size[1]
2026-01-23 09:55:02.004275 pid[72779] DEBUG: === work poll thread no[32] tps[5137], processed[51378] total[761255] queue size[1]
2026-01-23 09:55:02.007764 pid[72779] DEBUG: === work poll thread no[43] tps[581], processed[5819] total[88560] queue size[1]
2026-01-23 09:55:02.027631 pid[72779] DEBUG: === work poll thread no[14] tps[467], processed[4670] total[65276] queue size[1]
2026-01-23 09:55:02.049563 pid[72779] DEBUG: === work poll thread no[41] tps[600], processed[6006] total[90846] queue size[1]
2026-01-23 09:55:02.050828 pid[72779] DEBUG: === work poll thread no[22] tps[465], processed[4657] total[77950] queue size[1]
2026-01-23 09:55:02.050859 pid[72779] DEBUG: === work poll thread no[11] tps[500], processed[5003] total[69762] queue size[1]
2026-01-23 09:55:02.050981 pid[72779] DEBUG: === work poll thread no[44] tps[1072], processed[10726] total[180271] queue size[1]
2026-01-23 09:55:02.210564 pid[72779] DEBUG: === work poll thread no[12] tps[293], processed[2935] total[40962] queue size[1]
2026-01-23 09:55:02.214144 pid[72779] DEBUG: === work poll thread no[13] tps[137], processed[1375] total[20540] queue size[1]
2026-01-23 09:55:02.217623 pid[72779] DEBUG: === work poll thread no[10] tps[101], processed[1010] total[14933] queue size[1]
2026-01-23 09:55:05.543125 pid[72779] DEBUG: ------- PARSE message OnGeneralError:XSHG-ORDERBOOKTYPE-3-2 in 131s no data available
2026-01-23 09:55:05.543143 pid[72779] DEBUG: ------- PARSE message OnGeneralError:XSHE-STOCKTYPE-TRANSACTIONTYPE-AND-ORDERTYPE-3-4 in 124s no data available
2026-01-23 09:55:09.160611 pid[72779] DEBUG: === work poll thread no[36] tps[955], processed[9557] total[133389] queue size[1]
2026-01-23 09:55:12.000595 pid[72779] DEBUG: === data poll thread tps[27185]
2026-01-23 09:55:12.000629 pid[72779] DEBUG: === work poll thread no[22] tps[669], processed[6695] total[84644] queue size[1]
2026-01-23 09:55:12.003261 pid[72779] DEBUG: === work poll thread no[32] tps[5506], processed[55068] total[816322] queue size[2]
2026-01-23 09:55:12.003253 pid[72779] DEBUG: === work poll thread no[30] tps[6309], processed[63096] total[856915] queue size[1]
2026-01-23 09:55:12.003258 pid[72779] DEBUG: === work poll thread no[31] tps[6657], processed[66573] total[924936] queue size[1]
2026-01-23 09:55:12.004286 pid[72779] DEBUG: === work poll thread no[44] tps[1465], processed[14659] total[194929] queue size[1]
2026-01-23 09:55:12.004341 pid[72779] DEBUG: === work poll thread no[19] tps[471], processed[4712] total[59114] queue size[1]
2026-01-23 09:55:12.005662 pid[72779] DEBUG: === work poll thread no[43] tps[676], processed[6760] total[95319] queue size[1]
2026-01-23 09:55:12.006083 pid[72779] DEBUG: === work poll thread no[41] tps[799], processed[7990] total[98835] queue size[1]
2026-01-23 09:55:12.007410 pid[72779] DEBUG: === work poll thread no[42] tps[770], processed[7700] total[105907] queue size[1]
2026-01-23 09:55:12.021004 pid[72779] DEBUG: === work poll thread no[14] tps[468], processed[4683] total[69958] queue size[1]
2026-01-23 09:55:12.059266 pid[72779] DEBUG: === work poll thread no[11] tps[562], processed[5627] total[75388] queue size[1]
2026-01-23 09:55:12.212357 pid[72779] DEBUG: === work poll thread no[12] tps[327], processed[3276] total[44237] queue size[1]
2026-01-23 09:55:12.212827 pid[72779] DEBUG: === work poll thread no[21] tps[1403], processed[14035] total[170514] queue size[1]
2026-01-23 09:55:12.216560 pid[72779] DEBUG: === work poll thread no[13] tps[158], processed[1585] total[22124] queue size[1]
2026-01-23 09:55:12.232617 pid[72779] DEBUG: === work poll thread no[10] tps[116], processed[1165] total[16097] queue size[1]
2026-01-23 09:55:16.543892 pid[72779] DEBUG: ------- PARSE message OnGeneralError:XSHG-ORDERBOOKTYPE-3-2 in 142s no data available
2026-01-23 09:55:16.543913 pid[72779] DEBUG: ------- PARSE message OnGeneralError:XSHE-STOCKTYPE-TRANSACTIONTYPE-AND-ORDERTYPE-3-4 in 135s no data available
2026-01-23 09:55:19.212998 pid[72779] DEBUG: === work poll thread no[36] tps[962], processed[9621] total[143009] queue size[1]
2026-01-23 09:55:22.000050 pid[72779] DEBUG: === work poll thread no[21] tps[1202], processed[12020] total[182533] queue size[1]
2026-01-23 09:55:22.000058 pid[72779] DEBUG: === data poll thread tps[26002]
2026-01-23 09:55:22.000319 pid[72779] DEBUG: === work poll thread no[22] tps[555], processed[5550] total[90193] queue size[1]
2026-01-23 09:55:22.000333 pid[72779] DEBUG: === work poll thread no[41] tps[689], processed[6896] total[105730] queue size[1]
2026-01-23 09:55:22.000440 pid[72779] DEBUG: === work poll thread no[44] tps[1342], processed[13420] total[208348] queue size[1]
2026-01-23 09:55:22.001354 pid[72779] DEBUG: === work poll thread no[31] tps[6221], processed[62211] total[987146] queue size[1]
2026-01-23 09:55:22.001361 pid[72779] DEBUG: === work poll thread no[32] tps[5535], processed[55352] total[871673] queue size[3]
2026-01-23 09:55:22.001355 pid[72779] DEBUG: === work poll thread no[30] tps[6095], processed[60953] total[917867] queue size[1]
2026-01-23 09:55:22.001377 pid[72779] DEBUG: === work poll thread no[19] tps[446], processed[4467] total[63580] queue size[1]
2026-01-23 09:55:22.001956 pid[72779] DEBUG: === work poll thread no[42] tps[708], processed[7086] total[112992] queue size[1]
2026-01-23 09:55:22.001975 pid[72779] DEBUG: === work poll thread no[43] tps[651], processed[6511] total[101829] queue size[1]
2026-01-23 09:55:22.021351 pid[72779] DEBUG: === work poll thread no[14] tps[476], processed[4763] total[74720] queue size[1]
2026-01-23 09:55:22.060161 pid[72779] DEBUG: === work poll thread no[11] tps[537], processed[5375] total[80762] queue size[1]
2026-01-23 09:55:22.211055 pid[72779] DEBUG: === work poll thread no[12] tps[316], processed[3168] total[47404] queue size[1]
2026-01-23 09:55:22.214919 pid[72779] DEBUG: === work poll thread no[13] tps[148], processed[1483] total[23606] queue size[1]
2026-01-23 09:55:22.218428 pid[72779] DEBUG: === work poll thread no[10] tps[119], processed[1197] total[17293] queue size[2]
2026-01-23 09:55:27.544674 pid[72779] DEBUG: ------- PARSE message OnGeneralError:XSHG-ORDERBOOKTYPE-3-2 in 153s no data available
2026-01-23 09:55:27.544693 pid[72779] DEBUG: ------- PARSE message OnGeneralError:XSHE-STOCKTYPE-TRANSACTIONTYPE-AND-ORDERTYPE-3-4 in 146s no data available
2026-01-23 09:55:30.157189 pid[72779] DEBUG: === work poll thread no[36] tps[941], processed[9419] total[152427] queue size[1]
2026-01-23 09:55:32.000186 pid[72779] DEBUG: === data poll thread tps[24951]
2026-01-23 09:55:32.000218 pid[72779] DEBUG: === work poll thread no[42] tps[700], processed[7005] total[119996] queue size[1]
2026-01-23 09:55:32.000225 pid[72779] DEBUG: === work poll thread no[31] tps[6223], processed[62231] total[1049376] queue size[1]
2026-01-23 09:55:32.000227 pid[72779] DEBUG: === work poll thread no[30] tps[5875], processed[58759] total[976625] queue size[1]
2026-01-23 09:55:32.000231 pid[72779] DEBUG: === work poll thread no[32] tps[5261], processed[52613] total[924285] queue size[1]
2026-01-23 09:55:32.000296 pid[72779] DEBUG: === work poll thread no[21] tps[1078], processed[10780] total[193312] queue size[1]
2026-01-23 09:55:32.000714 pid[72779] DEBUG: === work poll thread no[19] tps[354], processed[3546] total[67125] queue size[1]
2026-01-23 09:55:32.000935 pid[72779] DEBUG: === work poll thread no[44] tps[1234], processed[12340] total[220687] queue size[1]
2026-01-23 09:55:32.000997 pid[72779] DEBUG: === work poll thread no[41] tps[678], processed[6785] total[112514] queue size[1]
2026-01-23 09:55:32.001235 pid[72779] DEBUG: === work poll thread no[22] tps[533], processed[5333] total[95525] queue size[1]
2026-01-23 09:55:32.001243 pid[72779] DEBUG: === work poll thread no[43] tps[614], processed[6142] total[107970] queue size[1]
2026-01-23 09:55:32.020971 pid[72779] DEBUG: === work poll thread no[14] tps[457], processed[4570] total[79289] queue size[4]
2026-01-23 09:55:32.056493 pid[72779] DEBUG: === work poll thread no[11] tps[481], processed[4813] total[85574] queue size[4]
2026-01-23 09:55:32.212462 pid[72779] DEBUG: === work poll thread no[12] tps[280], processed[2809] total[50212] queue size[1]
2026-01-23 09:55:32.214347 pid[72779] DEBUG: === work poll thread no[13] tps[138], processed[1389] total[24994] queue size[1]
2026-01-23 09:55:32.217872 pid[72779] DEBUG: === work poll thread no[10] tps[96], processed[967] total[18259] queue size[1]
2026-01-23 09:55:38.545458 pid[72779] DEBUG: ------- PARSE message OnGeneralError:XSHG-ORDERBOOKTYPE-3-2 in 164s no data available
2026-01-23 09:55:38.545474 pid[72779] DEBUG: ------- PARSE message OnGeneralError:XSHE-STOCKTYPE-TRANSACTIONTYPE-AND-ORDERTYPE-3-4 in 157s no data available
2026-01-23 09:55:40.193649 pid[72779] DEBUG: === work poll thread no[36] tps[965], processed[9654] total[162080] queue size[1]
2026-01-23 09:55:42.000008 pid[72779] DEBUG: === work poll thread no[21] tps[1234], processed[12345] total[205656] queue size[1]
2026-01-23 09:55:42.000025 pid[72779] DEBUG: === data poll thread tps[26843]
2026-01-23 09:55:42.000336 pid[72779] DEBUG: === work poll thread no[41] tps[713], processed[7135] total[119648] queue size[1]
2026-01-23 09:55:42.001762 pid[72779] DEBUG: === work poll thread no[44] tps[1462], processed[14620] total[235306] queue size[1]
2026-01-23 09:55:42.002046 pid[72779] DEBUG: === work poll thread no[19] tps[411], processed[4119] total[71243] queue size[1]
2026-01-23 09:55:42.002493 pid[72779] DEBUG: === work poll thread no[22] tps[622], processed[6220] total[101744] queue size[1]
2026-01-23 09:55:42.004404 pid[72779] DEBUG: === work poll thread no[31] tps[6614], processed[66147] total[1115522] queue size[1]
2026-01-23 09:55:42.004404 pid[72779] DEBUG: === work poll thread no[30] tps[6109], processed[61096] total[1037720] queue size[1]
2026-01-23 09:55:42.004421 pid[72779] DEBUG: === work poll thread no[32] tps[5824], processed[58245] total[982529] queue size[2]
2026-01-23 09:55:42.005207 pid[72779] DEBUG: === work poll thread no[42] tps[770], processed[7709] total[127704] queue size[1]
2026-01-23 09:55:42.012156 pid[72779] DEBUG: === work poll thread no[43] tps[688], processed[6885] total[114854] queue size[1]
2026-01-23 09:55:42.015651 pid[72779] DEBUG: === work poll thread no[14] tps[470], processed[4704] total[83992] queue size[1]
2026-01-23 09:55:42.050602 pid[72779] DEBUG: === work poll thread no[11] tps[507], processed[5070] total[90643] queue size[1]
2026-01-23 09:55:42.210260 pid[72779] DEBUG: === work poll thread no[12] tps[320], processed[3201] total[53412] queue size[1]
2026-01-23 09:55:42.213765 pid[72779] DEBUG: === work poll thread no[13] tps[160], processed[1608] total[26601] queue size[1]
2026-01-23 09:55:42.215129 pid[72779] DEBUG: === work poll thread no[10] tps[110], processed[1108] total[19366] queue size[1]
2026-01-23 09:55:49.546252 pid[72779] DEBUG: ------- PARSE message OnGeneralError:XSHG-ORDERBOOKTYPE-3-2 in 175s no data available
2026-01-23 09:55:49.546279 pid[72779] DEBUG: ------- PARSE message OnGeneralError:XSHE-STOCKTYPE-TRANSACTIONTYPE-AND-ORDERTYPE-3-4 in 168s no data available
2026-01-23 09:55:51.171783 pid[72779] DEBUG: === work poll thread no[36] tps[946], processed[9463] total[171542] queue size[1]
2026-01-23 09:55:52.000014 pid[72779] DEBUG: === work poll thread no[31] tps[5654], processed[56548] total[1172069] queue size[5]
2026-01-23 09:55:52.000019 pid[72779] DEBUG: === work poll thread no[30] tps[5305], processed[53050] total[1090769] queue size[3]
2026-01-23 09:55:52.000025 pid[72779] DEBUG: === data poll thread tps[23679]
2026-01-23 09:55:52.000173 pid[72779] DEBUG: === work poll thread no[21] tps[1141], processed[11411] total[217066] queue size[1]
2026-01-23 09:55:52.000572 pid[72779] DEBUG: === work poll thread no[44] tps[1288], processed[12880] total[248185] queue size[1]
2026-01-23 09:55:52.000588 pid[72779] DEBUG: === work poll thread no[32] tps[5050], processed[50508] total[1033036] queue size[1]
2026-01-23 09:55:52.000962 pid[72779] DEBUG: === work poll thread no[41] tps[628], processed[6284] total[125931] queue size[1]
2026-01-23 09:55:52.000968 pid[72779] DEBUG: === work poll thread no[43] tps[590], processed[5905] total[120758] queue size[1]
2026-01-23 09:55:52.001038 pid[72779] DEBUG: === work poll thread no[19] tps[375], processed[3759] total[75001] queue size[1]
2026-01-23 09:55:52.001803 pid[72779] DEBUG: === work poll thread no[42] tps[656], processed[6562] total[134265] queue size[1]
2026-01-23 09:55:52.001806 pid[72779] DEBUG: === work poll thread no[22] tps[538], processed[5381] total[107124] queue size[1]
2026-01-23 09:55:52.019462 pid[72779] DEBUG: === work poll thread no[11] tps[476], processed[4761] total[95403] queue size[1]
2026-01-23 09:55:52.032110 pid[72779] DEBUG: === work poll thread no[14] tps[469], processed[4699] total[88690] queue size[1]
2026-01-23 09:55:52.210399 pid[72779] DEBUG: === work poll thread no[12] tps[299], processed[2998] total[56409] queue size[1]
2026-01-23 09:55:52.223208 pid[72779] DEBUG: === work poll thread no[13] tps[143], processed[1433] total[28033] queue size[1]
2026-01-23 09:55:52.225757 pid[72779] DEBUG: === work poll thread no[10] tps[104], processed[1043] total[20408] queue size[1]
2026-01-23 09:56:00.547045 pid[72779] DEBUG: ------- PARSE message OnGeneralError:XSHG-ORDERBOOKTYPE-3-2 in 186s no data available
2026-01-23 09:56:00.547066 pid[72779] DEBUG: ------- PARSE message OnGeneralError:XSHE-STOCKTYPE-TRANSACTIONTYPE-AND-ORDERTYPE-3-4 in 179s no data available
2026-01-23 09:56:01.221889 pid[72779] DEBUG: === work poll thread no[36] tps[958], processed[9584] total[181125] queue size[1]
2026-01-23 09:56:02.000013 pid[72779] DEBUG: === work poll thread no[19] tps[373], processed[3739] total[78739] queue size[1]
2026-01-23 09:56:02.000021 pid[72779] DEBUG: === data poll thread tps[25025]
2026-01-23 09:56:02.000124 pid[72779] DEBUG: === work poll thread no[21] tps[1083], processed[10839] total[227904] queue size[1]
2026-01-23 09:56:02.000682 pid[72779] DEBUG: === work poll thread no[22] tps[530], processed[5302] total[112425] queue size[1]
2026-01-23 09:56:02.000700 pid[72779] DEBUG: === work poll thread no[14] tps[466], processed[4660] total[93349] queue size[1]
2026-01-23 09:56:02.001799 pid[72779] DEBUG: === work poll thread no[43] tps[625], processed[6253] total[127010] queue size[1]
2026-01-23 09:56:02.001792 pid[72779] DEBUG: === work poll thread no[41] tps[682], processed[6821] total[132751] queue size[1]
2026-01-23 09:56:02.004730 pid[72779] DEBUG: === work poll thread no[31] tps[5927], processed[59272] total[1231340] queue size[1]
2026-01-23 09:56:02.004725 pid[72779] DEBUG: === work poll thread no[30] tps[5881], processed[58818] total[1149586] queue size[1]
2026-01-23 09:56:02.004742 pid[72779] DEBUG: === work poll thread no[32] tps[5513], processed[55133] total[1088168] queue size[1]
2026-01-23 09:56:02.005841 pid[72779] DEBUG: === work poll thread no[42] tps[677], processed[6775] total[141039] queue size[1]
2026-01-23 09:56:02.007157 pid[72779] DEBUG: === work poll thread no[44] tps[1286], processed[12868] total[261052] queue size[1]
2026-01-23 09:56:02.022990 pid[72779] DEBUG: === work poll thread no[12] tps[286], processed[2861] total[59269] queue size[1]
2026-01-23 09:56:02.051756 pid[72779] DEBUG: === work poll thread no[11] tps[505], processed[5052] total[100454] queue size[1]
2026-01-23 09:56:02.213070 pid[72779] DEBUG: === work poll thread no[13] tps[139], processed[1390] total[29422] queue size[1]
2026-01-23 09:56:02.215847 pid[72779] DEBUG: === work poll thread no[10] tps[103], processed[1038] total[21445] queue size[1]
2026-01-23 09:56:11.547917 pid[72779] DEBUG: ------- PARSE message OnGeneralError:XSHG-ORDERBOOKTYPE-3-2 in 197s no data available
2026-01-23 09:56:11.547941 pid[72779] DEBUG: ------- PARSE message OnGeneralError:XSHE-STOCKTYPE-TRANSACTIONTYPE-AND-ORDERTYPE-3-4 in 190s no data available
2026-01-23 09:56:12.000018 pid[72779] DEBUG: === data poll thread tps[24107]
2026-01-23 09:56:12.000046 pid[72779] DEBUG: === work poll thread no[31] tps[5916], processed[59160] total[1290499] queue size[1]
2026-01-23 09:56:12.000044 pid[72779] DEBUG: === work poll thread no[42] tps[692], processed[6928] total[147966] queue size[1]
2026-01-23 09:56:12.000055 pid[72779] DEBUG: === work poll thread no[30] tps[5367], processed[53673] total[1203258] queue size[1]
2026-01-23 09:56:12.000238 pid[72779] DEBUG: === work poll thread no[43] tps[598], processed[5984] total[132993] queue size[1]
2026-01-23 09:56:12.000925 pid[72779] DEBUG: === work poll thread no[19] tps[398], processed[3987] total[82725] queue size[1]
2026-01-23 09:56:12.000922 pid[72779] DEBUG: === work poll thread no[44] tps[1324], processed[13243] total[274294] queue size[1]
2026-01-23 09:56:12.001244 pid[72779] DEBUG: === work poll thread no[22] tps[553], processed[5530] total[117954] queue size[1]
2026-01-23 09:56:12.001599 pid[72779] DEBUG: === work poll thread no[21] tps[1118], processed[11186] total[239089] queue size[1]
2026-01-23 09:56:12.002347 pid[72779] DEBUG: === work poll thread no[32] tps[5090], processed[50902] total[1139069] queue size[1]
2026-01-23 09:56:12.002417 pid[72779] DEBUG: === work poll thread no[41] tps[647], processed[6476] total[139226] queue size[1]
2026-01-23 09:56:12.007039 pid[72779] DEBUG: === work poll thread no[14] tps[473], processed[4737] total[98085] queue size[1]
2026-01-23 09:56:12.060098 pid[72779] DEBUG: === work poll thread no[11] tps[558], processed[5584] total[106037] queue size[2]
2026-01-23 09:56:12.157908 pid[72779] DEBUG: === work poll thread no[36] tps[954], processed[9548] total[190672] queue size[1]
2026-01-23 09:56:12.211002 pid[72779] DEBUG: === work poll thread no[12] tps[290], processed[2907] total[62175] queue size[1]
2026-01-23 09:56:12.214876 pid[72779] DEBUG: === work poll thread no[13] tps[144], processed[1448] total[30869] queue size[1]
2026-01-23 09:56:12.217596 pid[72779] DEBUG: === work poll thread no[10] tps[109], processed[1098] total[22542] queue size[1]
2026-01-23 09:56:22.001856 pid[72779] DEBUG: === data poll thread tps[23088]
2026-01-23 09:56:22.001999 pid[72779] DEBUG: === work poll thread no[21] tps[1123], processed[11231] total[250319] queue size[1]
2026-01-23 09:56:22.002954 pid[72779] DEBUG: === work poll thread no[43] tps[593], processed[5933] total[138925] queue size[1]
2026-01-23 09:56:22.002954 pid[72779] DEBUG: === work poll thread no[12] tps[295], processed[2950] total[65124] queue size[1]
2026-01-23 09:56:22.002960 pid[72779] DEBUG: === work poll thread no[19] tps[424], processed[4247] total[86971] queue size[1]
2026-01-23 09:56:22.004504 pid[72779] DEBUG: === work poll thread no[30] tps[5307], processed[53075] total[1256332] queue size[1]
2026-01-23 09:56:22.004512 pid[72779] DEBUG: === work poll thread no[31] tps[5112], processed[51124] total[1341622] queue size[1]
2026-01-23 09:56:22.004525 pid[72779] DEBUG: === work poll thread no[32] tps[4949], processed[49495] total[1188563] queue size[1]
2026-01-23 09:56:22.005219 pid[72779] DEBUG: === work poll thread no[42] tps[613], processed[6131] total[154096] queue size[1]
2026-01-23 09:56:22.006229 pid[72779] DEBUG: === work poll thread no[44] tps[1289], processed[12898] total[287191] queue size[1]
2026-01-23 09:56:22.006230 pid[72779] DEBUG: === work poll thread no[41] tps[619], processed[6190] total[145415] queue size[1]
2026-01-23 09:56:22.019694 pid[72779] DEBUG: === work poll thread no[14] tps[454], processed[4549] total[102633] queue size[1]
2026-01-23 09:56:22.056481 pid[72779] DEBUG: === work poll thread no[11] tps[523], processed[5232] total[111268] queue size[1]
2026-01-23 09:56:22.193342 pid[72779] DEBUG: === work poll thread no[36] tps[957], processed[9574] total[200245] queue size[1]
2026-01-23 09:56:22.211666 pid[72779] DEBUG: === work poll thread no[22] tps[565], processed[5655] total[123608] queue size[1]
2026-01-23 09:56:22.218113 pid[72779] DEBUG: === work poll thread no[13] tps[147], processed[1478] total[32346] queue size[2]
2026-01-23 09:56:22.223113 pid[72779] DEBUG: === work poll thread no[10] tps[114], processed[1140] total[23681] queue size[1]
2026-01-23 09:56:22.548655 pid[72779] DEBUG: ------- PARSE message OnGeneralError:XSHG-ORDERBOOKTYPE-3-2 in 208s no data available
2026-01-23 09:56:22.548666 pid[72779] DEBUG: ------- PARSE message OnGeneralError:XSHE-STOCKTYPE-TRANSACTIONTYPE-AND-ORDERTYPE-3-4 in 201s no data available
2026-01-23 09:56:32.000048 pid[72779] DEBUG: === work poll thread no[42] tps[568], processed[5686] total[159781] queue size[1]
2026-01-23 09:56:32.000065 pid[72779] DEBUG: === data poll thread tps[22202]
2026-01-23 09:56:32.000214 pid[72779] DEBUG: === work poll thread no[43] tps[540], processed[5403] total[144327] queue size[1]
2026-01-23 09:56:32.001219 pid[72779] DEBUG: === work poll thread no[44] tps[1125], processed[11256] total[298446] queue size[1]
2026-01-23 09:56:32.001306 pid[72779] DEBUG: === work poll thread no[31] tps[5201], processed[52019] total[1393640] queue size[2]
2026-01-23 09:56:32.001299 pid[72779] DEBUG: === work poll thread no[30] tps[5108], processed[51085] total[1307416] queue size[1]
2026-01-23 09:56:32.001317 pid[72779] DEBUG: === work poll thread no[32] tps[4920], processed[49207] total[1237769] queue size[1]
2026-01-23 09:56:32.001329 pid[72779] DEBUG: === work poll thread no[19] tps[328], processed[3288] total[90258] queue size[1]
2026-01-23 09:56:32.001476 pid[72779] DEBUG: === work poll thread no[21] tps[949], processed[9499] total[259817] queue size[1]
2026-01-23 09:56:32.002512 pid[72779] DEBUG: === work poll thread no[22] tps[481], processed[4813] total[128420] queue size[1]
2026-01-23 09:56:32.002607 pid[72779] DEBUG: === work poll thread no[41] tps[566], processed[5662] total[151076] queue size[1]
2026-01-23 09:56:32.030885 pid[72779] DEBUG: === work poll thread no[14] tps[471], processed[4715] total[107347] queue size[1]
2026-01-23 09:56:32.056418 pid[72779] DEBUG: === work poll thread no[11] tps[482], processed[4824] total[116091] queue size[1]
2026-01-23 09:56:32.208582 pid[72779] DEBUG: === work poll thread no[12] tps[274], processed[2745] total[67868] queue size[1]
2026-01-23 09:56:32.211720 pid[72779] DEBUG: === work poll thread no[13] tps[139], processed[1393] total[33738] queue size[1]
2026-01-23 09:56:32.214792 pid[72779] DEBUG: === work poll thread no[10] tps[98], processed[982] total[24662] queue size[1]
2026-01-23 09:56:33.157706 pid[72779] DEBUG: === work poll thread no[36] tps[946], processed[9464] total[209708] queue size[1]
2026-01-23 09:56:33.549422 pid[72779] DEBUG: ------- PARSE message OnGeneralError:XSHG-ORDERBOOKTYPE-3-2 in 219s no data available
2026-01-23 09:56:33.549436 pid[72779] DEBUG: ------- PARSE message OnGeneralError:XSHE-STOCKTYPE-TRANSACTIONTYPE-AND-ORDERTYPE-3-4 in 212s no data available
2026-01-23 09:56:42.000061 pid[72779] DEBUG: === data poll thread tps[21528]
2026-01-23 09:56:42.000119 pid[72779] DEBUG: === work poll thread no[30] tps[4515], processed[45159] total[1352574] queue size[2]
2026-01-23 09:56:42.000126 pid[72779] DEBUG: === work poll thread no[31] tps[5042], processed[50422] total[1444061] queue size[1]
2026-01-23 09:56:42.000132 pid[72779] DEBUG: === work poll thread no[32] tps[4649], processed[46499] total[1284267] queue size[1]
2026-01-23 09:56:42.000145 pid[72779] DEBUG: === work poll thread no[22] tps[513], processed[5133] total[133552] queue size[1]
2026-01-23 09:56:42.000176 pid[72779] DEBUG: === work poll thread no[19] tps[369], processed[3698] total[93955] queue size[1]
2026-01-23 09:56:42.001371 pid[72779] DEBUG: === work poll thread no[21] tps[1093], processed[10932] total[270748] queue size[1]
2026-01-23 09:56:42.001690 pid[72779] DEBUG: === work poll thread no[41] tps[606], processed[6068] total[157143] queue size[1]
2026-01-23 09:56:42.002399 pid[72779] DEBUG: === work poll thread no[44] tps[1286], processed[12869] total[311314] queue size[1]
2026-01-23 09:56:42.003190 pid[72779] DEBUG: === work poll thread no[43] tps[601], processed[6013] total[150339] queue size[1]
2026-01-23 09:56:42.003605 pid[72779] DEBUG: === work poll thread no[42] tps[649], processed[6494] total[166274] queue size[1]
2026-01-23 09:56:42.021243 pid[72779] DEBUG: === work poll thread no[14] tps[461], processed[4618] total[111964] queue size[1]
2026-01-23 09:56:42.047029 pid[72779] DEBUG: === work poll thread no[11] tps[442], processed[4427] total[120517] queue size[1]
2026-01-23 09:56:42.211250 pid[72779] DEBUG: === work poll thread no[12] tps[258], processed[2588] total[70455] queue size[1]
2026-01-23 09:56:42.211953 pid[72779] DEBUG: === work poll thread no[13] tps[123], processed[1230] total[34967] queue size[1]
2026-01-23 09:56:42.214132 pid[72779] DEBUG: === work poll thread no[10] tps[95], processed[956] total[25617] queue size[1]
2026-01-23 09:56:43.160903 pid[72779] DEBUG: === work poll thread no[36] tps[959], processed[9591] total[219298] queue size[1]
2026-01-23 09:56:44.550176 pid[72779] DEBUG: ------- PARSE message OnGeneralError:XSHG-ORDERBOOKTYPE-3-2 in 230s no data available
2026-01-23 09:56:44.550189 pid[72779] DEBUG: ------- PARSE message OnGeneralError:XSHE-STOCKTYPE-TRANSACTIONTYPE-AND-ORDERTYPE-3-4 in 223s no data available
2026-01-23 09:56:52.000144 pid[72779] DEBUG: === data poll thread tps[24076]
2026-01-23 09:56:52.000178 pid[72779] DEBUG: === work poll thread no[21] tps[1151], processed[11514] total[282261] queue size[1]
2026-01-23 09:56:52.000247 pid[72779] DEBUG: === work poll thread no[22] tps[558], processed[5582] total[139133] queue size[1]
2026-01-23 09:56:52.000367 pid[72779] DEBUG: === work poll thread no[19] tps[402], processed[4028] total[97982] queue size[1]
2026-01-23 09:56:52.000496 pid[72779] DEBUG: === work poll thread no[14] tps[468], processed[4683] total[116646] queue size[1]
2026-01-23 09:56:52.002195 pid[72779] DEBUG: === work poll thread no[30] tps[5281], processed[52811] total[1405384] queue size[1]
2026-01-23 09:56:52.002197 pid[72779] DEBUG: === work poll thread no[31] tps[5906], processed[59067] total[1503127] queue size[1]
2026-01-23 09:56:52.002209 pid[72779] DEBUG: === work poll thread no[32] tps[5065], processed[50653] total[1334919] queue size[1]
2026-01-23 09:56:52.004434 pid[72779] DEBUG: === work poll thread no[41] tps[637], processed[6372] total[163514] queue size[1]
2026-01-23 09:56:52.005128 pid[72779] DEBUG: === work poll thread no[43] tps[590], processed[5901] total[156239] queue size[1]
2026-01-23 09:56:52.005530 pid[72779] DEBUG: === work poll thread no[44] tps[1298], processed[12989] total[324302] queue size[1]
2026-01-23 09:56:52.008459 pid[72779] DEBUG: === work poll thread no[42] tps[688], processed[6889] total[173162] queue size[1]
2026-01-23 09:56:52.049487 pid[72779] DEBUG: === work poll thread no[11] tps[516], processed[5163] total[125679] queue size[1]
2026-01-23 09:56:52.212114 pid[72779] DEBUG: === work poll thread no[12] tps[302], processed[3029] total[73483] queue size[1]
2026-01-23 09:56:52.215588 pid[72779] DEBUG: === work poll thread no[13] tps[146], processed[1469] total[36435] queue size[1]
2026-01-23 09:56:52.220487 pid[72779] DEBUG: === work poll thread no[10] tps[108], processed[1084] total[26700] queue size[1]
2026-01-23 09:56:54.165558 pid[72779] DEBUG: === work poll thread no[36] tps[944], processed[9441] total[228738] queue size[1]
2026-01-23 09:56:55.550932 pid[72779] DEBUG: ------- PARSE message OnGeneralError:XSHG-ORDERBOOKTYPE-3-2 in 241s no data available
2026-01-23 09:56:55.550943 pid[72779] DEBUG: ------- PARSE message OnGeneralError:XSHE-STOCKTYPE-TRANSACTIONTYPE-AND-ORDERTYPE-3-4 in 234s no data available
2026-01-23 09:57:02.000007 pid[72779] DEBUG: === work poll thread no[43] tps[572], processed[5721] total[161959] queue size[1]
2026-01-23 09:57:02.000015 pid[72779] DEBUG: === data poll thread tps[22981]
2026-01-23 09:57:02.000274 pid[72779] DEBUG: === work poll thread no[19] tps[363], processed[3639] total[101620] queue size[1]
2026-01-23 09:57:02.000291 pid[72779] DEBUG: === work poll thread no[21] tps[1075], processed[10752] total[293012] queue size[1]
2026-01-23 09:57:02.000822 pid[72779] DEBUG: === work poll thread no[42] tps[641], processed[6417] total[179578] queue size[1]
2026-01-23 09:57:02.000945 pid[72779] DEBUG: === work poll thread no[41] tps[598], processed[5985] total[169498] queue size[1]
2026-01-23 09:57:02.001115 pid[72779] DEBUG: === work poll thread no[44] tps[1271], processed[12713] total[337014] queue size[1]
2026-01-23 09:57:02.001592 pid[72779] DEBUG: === work poll thread no[22] tps[543], processed[5433] total[144565] queue size[1]
2026-01-23 09:57:02.003589 pid[72779] DEBUG: === work poll thread no[31] tps[5546], processed[55466] total[1558592] queue size[1]
2026-01-23 09:57:02.003599 pid[72779] DEBUG: === work poll thread no[32] tps[4827], processed[48274] total[1383192] queue size[2]
2026-01-23 09:57:02.003725 pid[72779] DEBUG: === work poll thread no[30] tps[5134], processed[51343] total[1456726] queue size[12]
2026-01-23 09:57:02.018917 pid[72779] DEBUG: === work poll thread no[14] tps[466], processed[4668] total[121313] queue size[1]
2026-01-23 09:57:02.048385 pid[72779] DEBUG: === work poll thread no[11] tps[476], processed[4769] total[130447] queue size[2]
2026-01-23 09:57:02.209774 pid[72779] DEBUG: === work poll thread no[12] tps[279], processed[2797] total[76279] queue size[1]
2026-01-23 09:57:02.214122 pid[72779] DEBUG: === work poll thread no[10] tps[98], processed[989] total[27688] queue size[2]
2026-01-23 09:57:02.214172 pid[72779] DEBUG: === work poll thread no[13] tps[143], processed[1433] total[37867] queue size[1]
2026-01-23 09:57:04.194353 pid[72779] DEBUG: === work poll thread no[36] tps[956], processed[9560] total[238297] queue size[1]
2026-01-23 09:57:06.551674 pid[72779] DEBUG: ------- PARSE message OnGeneralError:XSHG-ORDERBOOKTYPE-3-2 in 252s no data available
2026-01-23 09:57:06.551686 pid[72779] DEBUG: ------- PARSE message OnGeneralError:XSHE-STOCKTYPE-TRANSACTIONTYPE-AND-ORDERTYPE-3-4 in 245s no data available
2026-01-23 09:57:12.000445 pid[72779] DEBUG: === data poll thread tps[23166]
2026-01-23 09:57:12.000596 pid[72779] DEBUG: === work poll thread no[22] tps[563], processed[5632] total[150196] queue size[1]
2026-01-23 09:57:12.001027 pid[72779] DEBUG: === work poll thread no[21] tps[1112], processed[11127] total[304138] queue size[1]
2026-01-23 09:57:12.001771 pid[72779] DEBUG: === work poll thread no[43] tps[603], processed[6036] total[167994] queue size[1]
2026-01-23 09:57:12.001954 pid[72779] DEBUG: === work poll thread no[19] tps[413], processed[4138] total[105757] queue size[1]
2026-01-23 09:57:12.008930 pid[72779] DEBUG: === work poll thread no[14] tps[471], processed[4713] total[126025] queue size[1]
2026-01-23 09:57:12.012483 pid[72779] DEBUG: === work poll thread no[31] tps[5400], processed[54008] total[1612599] queue size[2]
2026-01-23 09:57:12.012492 pid[72779] DEBUG: === work poll thread no[30] tps[5132], processed[51328] total[1508053] queue size[2]
2026-01-23 09:57:12.012494 pid[72779] DEBUG: === work poll thread no[32] tps[5040], processed[50407] total[1433598] queue size[2]
2026-01-23 09:57:12.013579 pid[72779] DEBUG: === work poll thread no[41] tps[611], processed[6112] total[175609] queue size[1]
2026-01-23 09:57:12.014566 pid[72779] DEBUG: === work poll thread no[44] tps[1263], processed[12630] total[349643] queue size[1]
2026-01-23 09:57:12.015335 pid[72779] DEBUG: === work poll thread no[42] tps[637], processed[6372] total[185949] queue size[1]
2026-01-23 09:57:12.057703 pid[72779] DEBUG: === work poll thread no[11] tps[547], processed[5470] total[135916] queue size[1]
2026-01-23 09:57:12.210202 pid[72779] DEBUG: === work poll thread no[12] tps[288], processed[2887] total[79165] queue size[1]
2026-01-23 09:57:12.212435 pid[72779] DEBUG: === work poll thread no[13] tps[152], processed[1526] total[39392] queue size[1]
2026-01-23 09:57:12.214414 pid[72779] DEBUG: === work poll thread no[10] tps[112], processed[1124] total[28811] queue size[1]
2026-01-23 09:57:15.170765 pid[72779] DEBUG: === work poll thread no[36] tps[948], processed[9485] total[247781] queue size[1]
2026-01-23 09:57:17.552432 pid[72779] DEBUG: ------- PARSE message OnGeneralError:XSHG-ORDERBOOKTYPE-3-2 in 263s no data available
2026-01-23 09:57:17.552447 pid[72779] DEBUG: ------- PARSE message OnGeneralError:XSHE-STOCKTYPE-TRANSACTIONTYPE-AND-ORDERTYPE-3-4 in 256s no data available
2026-01-23 09:57:22.000870 pid[72779] DEBUG: === data poll thread tps[24569]
2026-01-23 09:57:22.000902 pid[72779] DEBUG: === work poll thread no[32] tps[5413], processed[54135] total[1487732] queue size[1]
2026-01-23 09:57:22.001310 pid[72779] DEBUG: === work poll thread no[31] tps[5953], processed[59530] total[1672128] queue size[2]
2026-01-23 09:57:22.001306 pid[72779] DEBUG: === work poll thread no[30] tps[5479], processed[54791] total[1562843] queue size[1]
2026-01-23 09:57:22.001798 pid[72779] DEBUG: === work poll thread no[14] tps[468], processed[4688] total[130712] queue size[1]
2026-01-23 09:57:22.061892 pid[72779] DEBUG: === work poll thread no[11] tps[553], processed[5535] total[141450] queue size[2]
2026-01-23 09:57:22.117702 pid[72779] DEBUG: === work poll thread no[42] tps[651], processed[6519] total[192467] queue size[1]
2026-01-23 09:57:22.118232 pid[72779] DEBUG: === work poll thread no[43] tps[589], processed[5894] total[173887] queue size[1]
2026-01-23 09:57:22.118358 pid[72779] DEBUG: === work poll thread no[44] tps[1228], processed[12289] total[361931] queue size[1]
2026-01-23 09:57:22.118404 pid[72779] DEBUG: === work poll thread no[19] tps[392], processed[3924] total[109680] queue size[1]
2026-01-23 09:57:22.118414 pid[72779] DEBUG: === work poll thread no[21] tps[1144], processed[11448] total[315585] queue size[1]
2026-01-23 09:57:22.118557 pid[72779] DEBUG: === work poll thread no[41] tps[601], processed[6014] total[181622] queue size[1]
2026-01-23 09:57:22.126940 pid[72779] DEBUG: === work poll thread no[22] tps[559], processed[5598] total[155793] queue size[1]
2026-01-23 09:57:22.214437 pid[72779] DEBUG: === work poll thread no[12] tps[311], processed[3110] total[82274] queue size[2]
2026-01-23 09:57:22.214456 pid[72779] DEBUG: === work poll thread no[13] tps[152], processed[1522] total[40913] queue size[1]
2026-01-23 09:57:22.264569 pid[72779] DEBUG: === work poll thread no[10] tps[109], processed[1096] total[29906] queue size[1]
2026-01-23 09:57:25.230024 pid[72779] DEBUG: === work poll thread no[36] tps[961], processed[9615] total[257395] queue size[1]
2026-01-23 09:57:28.553188 pid[72779] DEBUG: ------- PARSE message OnGeneralError:XSHG-ORDERBOOKTYPE-3-2 in 274s no data available
2026-01-23 09:57:28.553203 pid[72779] DEBUG: ------- PARSE message OnGeneralError:XSHE-STOCKTYPE-TRANSACTIONTYPE-AND-ORDERTYPE-3-4 in 267s no data available
2026-01-23 09:57:32.010757 pid[72779] DEBUG: === data poll thread tps[21825]
2026-01-23 09:57:32.010793 pid[72779] DEBUG: === work poll thread no[31] tps[5392], processed[53921] total[1726048] queue size[1]
2026-01-23 09:57:32.010790 pid[72779] DEBUG: === work poll thread no[30] tps[5165], processed[51651] total[1614493] queue size[1]
2026-01-23 09:57:32.010802 pid[72779] DEBUG: === work poll thread no[32] tps[4738], processed[47381] total[1535112] queue size[1]
2026-01-23 09:57:32.019254 pid[72779] DEBUG: === work poll thread no[11] tps[480], processed[4803] total[146252] queue size[1]
2026-01-23 09:57:32.023007 pid[72779] DEBUG: === work poll thread no[12] tps[257], processed[2573] total[84846] queue size[1]
2026-01-23 09:57:32.025924 pid[72779] DEBUG: === work poll thread no[14] tps[469], processed[4692] total[135403] queue size[1]
2026-01-23 09:57:32.213921 pid[72779] DEBUG: === work poll thread no[13] tps[130], processed[1300] total[42212] queue size[1]
2026-01-23 09:57:32.217643 pid[72779] DEBUG: === work poll thread no[10] tps[98], processed[987] total[30892] queue size[1]
2026-01-23 09:57:32.550080 pid[72779] DEBUG: === work poll thread no[43] tps[484], processed[4845] total[178731] queue size[1]
2026-01-23 09:57:32.550257 pid[72779] DEBUG: === work poll thread no[44] tps[1006], processed[10066] total[371996] queue size[1]
2026-01-23 09:57:32.551306 pid[72779] DEBUG: === work poll thread no[41] tps[521], processed[5210] total[186831] queue size[1]
2026-01-23 09:57:32.552663 pid[72779] DEBUG: === work poll thread no[42] tps[540], processed[5407] total[197873] queue size[1]
2026-01-23 09:57:32.563176 pid[72779] DEBUG: === work poll thread no[21] tps[856], processed[8563] total[324147] queue size[1]
2026-01-23 09:57:32.564133 pid[72779] DEBUG: === work poll thread no[22] tps[433], processed[4336] total[160128] queue size[1]
2026-01-23 09:57:32.564780 pid[72779] DEBUG: === work poll thread no[19] tps[305], processed[3056] total[112735] queue size[1]
2026-01-23 09:57:36.157056 pid[72779] DEBUG: === work poll thread no[36] tps[949], processed[9497] total[266891] queue size[1]
2026-01-23 09:57:39.553972 pid[72779] DEBUG: ------- PARSE message OnGeneralError:XSHG-ORDERBOOKTYPE-3-2 in 285s no data available
2026-01-23 09:57:39.553991 pid[72779] DEBUG: ------- PARSE message OnGeneralError:XSHE-STOCKTYPE-TRANSACTIONTYPE-AND-ORDERTYPE-3-4 in 278s no data available
2026-01-23 09:57:42.000010 pid[72779] DEBUG: === work poll thread no[31] tps[5490], processed[54900] total[1780947] queue size[4]
2026-01-23 09:57:42.000012 pid[72779] DEBUG: === work poll thread no[32] tps[4719], processed[47196] total[1582307] queue size[9]
2026-01-23 09:57:42.000021 pid[72779] DEBUG: === work poll thread no[30] tps[5451], processed[54512] total[1669004] queue size[1]
2026-01-23 09:57:42.000024 pid[72779] DEBUG: === data poll thread tps[23741]
2026-01-23 09:57:42.000425 pid[72779] DEBUG: === work poll thread no[19] tps[431], processed[4312] total[117046] queue size[1]
2026-01-23 09:57:42.000641 pid[72779] DEBUG: === work poll thread no[21] tps[1216], processed[12163] total[336309] queue size[1]
2026-01-23 09:57:42.000723 pid[72779] DEBUG: === work poll thread no[22] tps[608], processed[6083] total[166210] queue size[1]
2026-01-23 09:57:42.001808 pid[72779] DEBUG: === work poll thread no[44] tps[1432], processed[14326] total[386321] queue size[1]
2026-01-23 09:57:42.002844 pid[72779] DEBUG: === work poll thread no[41] tps[730], processed[7305] total[194135] queue size[1]
2026-01-23 09:57:42.004085 pid[72779] DEBUG: === work poll thread no[43] tps[656], processed[6562] total[185292] queue size[1]
2026-01-23 09:57:42.004844 pid[72779] DEBUG: === work poll thread no[42] tps[742], processed[7429] total[205301] queue size[1]
2026-01-23 09:57:42.008390 pid[72779] DEBUG: === work poll thread no[14] tps[466], processed[4661] total[140063] queue size[1]
2026-01-23 09:57:42.023831 pid[72779] DEBUG: === work poll thread no[12] tps[274], processed[2748] total[87593] queue size[1]
2026-01-23 09:57:42.054413 pid[72779] DEBUG: === work poll thread no[11] tps[463], processed[4634] total[150885] queue size[1]
2026-01-23 09:57:42.217578 pid[72779] DEBUG: === work poll thread no[13] tps[137], processed[1377] total[43588] queue size[1]
2026-01-23 09:57:42.223098 pid[72779] DEBUG: === work poll thread no[10] tps[99], processed[999] total[31890] queue size[1]
2026-01-23 09:57:46.213978 pid[72779] DEBUG: === work poll thread no[36] tps[958], processed[9584] total[276474] queue size[1]
2026-01-23 09:57:50.554740 pid[72779] DEBUG: ------- PARSE message OnGeneralError:XSHG-ORDERBOOKTYPE-3-2 in 296s no data available
2026-01-23 09:57:50.554756 pid[72779] DEBUG: ------- PARSE message OnGeneralError:XSHE-STOCKTYPE-TRANSACTIONTYPE-AND-ORDERTYPE-3-4 in 289s no data available
2026-01-23 09:57:52.000012 pid[72779] DEBUG: === work poll thread no[44] tps[1192], processed[11929] total[398249] queue size[1]
2026-01-23 09:57:52.000022 pid[72779] DEBUG: === data poll thread tps[22893]
2026-01-23 09:57:52.000062 pid[72779] DEBUG: === work poll thread no[31] tps[5521], processed[55215] total[1836161] queue size[1]
2026-01-23 09:57:52.000060 pid[72779] DEBUG: === work poll thread no[30] tps[5312], processed[53125] total[1722128] queue size[1]
2026-01-23 09:57:52.000083 pid[72779] DEBUG: === work poll thread no[21] tps[1053], processed[10532] total[346840] queue size[1]
2026-01-23 09:57:52.000074 pid[72779] DEBUG: === work poll thread no[32] tps[4740], processed[47404] total[1629710] queue size[1]
2026-01-23 09:57:52.000228 pid[72779] DEBUG: === work poll thread no[22] tps[523], processed[5231] total[171440] queue size[1]
2026-01-23 09:57:52.000495 pid[72779] DEBUG: === work poll thread no[41] tps[609], processed[6093] total[200227] queue size[1]
2026-01-23 09:57:52.000764 pid[72779] DEBUG: === work poll thread no[42] tps[646], processed[6464] total[211764] queue size[1]
2026-01-23 09:57:52.001601 pid[72779] DEBUG: === work poll thread no[43] tps[554], processed[5547] total[190838] queue size[1]
2026-01-23 09:57:52.005672 pid[72779] DEBUG: === work poll thread no[19] tps[350], processed[3500] total[120545] queue size[1]
2026-01-23 09:57:52.024333 pid[72779] DEBUG: === work poll thread no[14] tps[467], processed[4678] total[144740] queue size[1]
2026-01-23 09:57:52.049545 pid[72779] DEBUG: === work poll thread no[11] tps[454], processed[4544] total[155428] queue size[1]
2026-01-23 09:57:52.209464 pid[72779] DEBUG: === work poll thread no[12] tps[278], processed[2788] total[90380] queue size[1]
2026-01-23 09:57:52.212345 pid[72779] DEBUG: === work poll thread no[13] tps[138], processed[1380] total[44967] queue size[1]
2026-01-23 09:57:52.216344 pid[72779] DEBUG: === work poll thread no[10] tps[98], processed[987] total[32876] queue size[1]
2026-01-23 09:57:57.162886 pid[72779] DEBUG: === work poll thread no[36] tps[939], processed[9395] total[285868] queue size[1]
2026-01-23 09:58:01.555495 pid[72779] DEBUG: ------- PARSE message OnGeneralError:XSHG-ORDERBOOKTYPE-3-2 in 307s no data available
2026-01-23 09:58:01.555513 pid[72779] DEBUG: ------- PARSE message OnGeneralError:XSHE-STOCKTYPE-TRANSACTIONTYPE-AND-ORDERTYPE-3-4 in 300s no data available
2026-01-23 09:58:02.000106 pid[72779] DEBUG: === data poll thread tps[22892]
2026-01-23 09:58:02.000197 pid[72779] DEBUG: === work poll thread no[43] tps[568], processed[5680] total[196517] queue size[1]
2026-01-23 09:58:02.000858 pid[72779] DEBUG: === work poll thread no[42] tps[648], processed[6489] total[218252] queue size[1]
2026-01-23 09:58:02.001298 pid[72779] DEBUG: === work poll thread no[44] tps[1241], processed[12413] total[410661] queue size[1]
2026-01-23 09:58:02.001307 pid[72779] DEBUG: === work poll thread no[21] tps[1016], processed[10167] total[357006] queue size[1]
2026-01-23 09:58:02.001309 pid[72779] DEBUG: === work poll thread no[19] tps[388], processed[3888] total[124432] queue size[1]
2026-01-23 09:58:02.001429 pid[72779] DEBUG: === work poll thread no[41] tps[605], processed[6052] total[206278] queue size[1]
2026-01-23 09:58:02.001888 pid[72779] DEBUG: === work poll thread no[22] tps[506], processed[5061] total[176500] queue size[1]
2026-01-23 09:58:02.025570 pid[72779] DEBUG: === work poll thread no[31] tps[5537], processed[55370] total[1891530] queue size[2]
2026-01-23 09:58:02.025575 pid[72779] DEBUG: === work poll thread no[32] tps[4942], processed[49425] total[1679134] queue size[2]
2026-01-23 09:58:02.025571 pid[72779] DEBUG: === work poll thread no[30] tps[5076], processed[50766] total[1772893] queue size[2]
2026-01-23 09:58:02.033769 pid[72779] DEBUG: === work poll thread no[14] tps[468], processed[4685] total[149424] queue size[2]
2026-01-23 09:58:02.046886 pid[72779] DEBUG: === work poll thread no[11] tps[446], processed[4463] total[159890] queue size[1]
2026-01-23 09:58:02.210657 pid[72779] DEBUG: === work poll thread no[12] tps[265], processed[2655] total[93034] queue size[1]
2026-01-23 09:58:02.214984 pid[72779] DEBUG: === work poll thread no[13] tps[133], processed[1338] total[46304] queue size[1]
2026-01-23 09:58:02.219285 pid[72779] DEBUG: === work poll thread no[10] tps[105], processed[1054] total[33929] queue size[2]
2026-01-23 09:58:07.199345 pid[72779] DEBUG: === work poll thread no[36] tps[960], processed[9600] total[295467] queue size[1]
